Creating directory: /home/odessa/AIingFuzzyVM/out/baseline/00
Creating directory: /home/odessa/AIingFuzzyVM/out/baseline/01
Creating directory: /home/odessa/AIingFuzzyVM/out/baseline/02
Creating directory: /home/odessa/AIingFuzzyVM/out/baseline/03
Creating directory: /home/odessa/AIingFuzzyVM/out/baseline/04
Creating directory: /home/odessa/AIingFuzzyVM/out/baseline/05
Creating directory: /home/odessa/AIingFuzzyVM/out/baseline/06
Creating directory: /home/odessa/AIingFuzzyVM/out/baseline/07
Creating directory: /home/odessa/AIingFuzzyVM/out/baseline/08
Creating directory: /home/odessa/AIingFuzzyVM/out/baseline/09
Creating directory: /home/odessa/AIingFuzzyVM/out/baseline/0a
Creating directory: /home/odessa/AIingFuzzyVM/out/baseline/0b
Creating directory: /home/odessa/AIingFuzzyVM/out/baseline/0c
Creating directory: /home/odessa/AIingFuzzyVM/out/baseline/0d
Creating directory: /home/odessa/AIingFuzzyVM/out/baseline/0e
Creating directory: /home/odessa/AIingFuzzyVM/out/baseline/0f
Creating directory: /home/odessa/AIingFuzzyVM/out/baseline/10
Creating directory: /home/odessa/AIingFuzzyVM/out/baseline/11
Creating directory: /home/odessa/AIingFuzzyVM/out/baseline/12
Creating directory: /home/odessa/AIingFuzzyVM/out/baseline/13
Creating directory: /home/odessa/AIingFuzzyVM/out/baseline/14
Creating directory: /home/odessa/AIingFuzzyVM/out/baseline/15
Creating directory: /home/odessa/AIingFuzzyVM/out/baseline/16
Creating directory: /home/odessa/AIingFuzzyVM/out/baseline/17
Creating directory: /home/odessa/AIingFuzzyVM/out/baseline/18
Creating directory: /home/odessa/AIingFuzzyVM/out/baseline/19
Creating directory: /home/odessa/AIingFuzzyVM/out/baseline/1a
Creating directory: /home/odessa/AIingFuzzyVM/out/baseline/1b
Creating directory: /home/odessa/AIingFuzzyVM/out/baseline/1c
Creating directory: /home/odessa/AIingFuzzyVM/out/baseline/1d
Creating directory: /home/odessa/AIingFuzzyVM/out/baseline/1e
Creating directory: /home/odessa/AIingFuzzyVM/out/baseline/1f
Creating directory: /home/odessa/AIingFuzzyVM/out/baseline/20
Creating directory: /home/odessa/AIingFuzzyVM/out/baseline/21
Creating directory: /home/odessa/AIingFuzzyVM/out/baseline/22
Creating directory: /home/odessa/AIingFuzzyVM/out/baseline/23
Creating directory: /home/odessa/AIingFuzzyVM/out/baseline/24
Creating directory: /home/odessa/AIingFuzzyVM/out/baseline/25
Creating directory: /home/odessa/AIingFuzzyVM/out/baseline/26
Creating directory: /home/odessa/AIingFuzzyVM/out/baseline/27
Creating directory: /home/odessa/AIingFuzzyVM/out/baseline/28
Creating directory: /home/odessa/AIingFuzzyVM/out/baseline/29
Creating directory: /home/odessa/AIingFuzzyVM/out/baseline/2a
Creating directory: /home/odessa/AIingFuzzyVM/out/baseline/2b
Creating directory: /home/odessa/AIingFuzzyVM/out/baseline/2c
Creating directory: /home/odessa/AIingFuzzyVM/out/baseline/2d
Creating directory: /home/odessa/AIingFuzzyVM/out/baseline/2e
Creating directory: /home/odessa/AIingFuzzyVM/out/baseline/2f
Creating directory: /home/odessa/AIingFuzzyVM/out/baseline/30
Creating directory: /home/odessa/AIingFuzzyVM/out/baseline/31
Creating directory: /home/odessa/AIingFuzzyVM/out/baseline/32
Creating directory: /home/odessa/AIingFuzzyVM/out/baseline/33
Creating directory: /home/odessa/AIingFuzzyVM/out/baseline/34
Creating directory: /home/odessa/AIingFuzzyVM/out/baseline/35
Creating directory: /home/odessa/AIingFuzzyVM/out/baseline/36
Creating directory: /home/odessa/AIingFuzzyVM/out/baseline/37
Creating directory: /home/odessa/AIingFuzzyVM/out/baseline/38
Creating directory: /home/odessa/AIingFuzzyVM/out/baseline/39
Creating directory: /home/odessa/AIingFuzzyVM/out/baseline/3a
Creating directory: /home/odessa/AIingFuzzyVM/out/baseline/3b
Creating directory: /home/odessa/AIingFuzzyVM/out/baseline/3c
Creating directory: /home/odessa/AIingFuzzyVM/out/baseline/3d
Creating directory: /home/odessa/AIingFuzzyVM/out/baseline/3e
Creating directory: /home/odessa/AIingFuzzyVM/out/baseline/3f
Creating directory: /home/odessa/AIingFuzzyVM/out/baseline/40
Creating directory: /home/odessa/AIingFuzzyVM/out/baseline/41
Creating directory: /home/odessa/AIingFuzzyVM/out/baseline/42
Creating directory: /home/odessa/AIingFuzzyVM/out/baseline/43
Creating directory: /home/odessa/AIingFuzzyVM/out/baseline/44
Creating directory: /home/odessa/AIingFuzzyVM/out/baseline/45
Creating directory: /home/odessa/AIingFuzzyVM/out/baseline/46
Creating directory: /home/odessa/AIingFuzzyVM/out/baseline/47
Creating directory: /home/odessa/AIingFuzzyVM/out/baseline/48
Creating directory: /home/odessa/AIingFuzzyVM/out/baseline/49
Creating directory: /home/odessa/AIingFuzzyVM/out/baseline/4a
Creating directory: /home/odessa/AIingFuzzyVM/out/baseline/4b
Creating directory: /home/odessa/AIingFuzzyVM/out/baseline/4c
Creating directory: /home/odessa/AIingFuzzyVM/out/baseline/4d
Creating directory: /home/odessa/AIingFuzzyVM/out/baseline/4e
Creating directory: /home/odessa/AIingFuzzyVM/out/baseline/4f
Creating directory: /home/odessa/AIingFuzzyVM/out/baseline/50
Creating directory: /home/odessa/AIingFuzzyVM/out/baseline/51
Creating directory: /home/odessa/AIingFuzzyVM/out/baseline/52
Creating directory: /home/odessa/AIingFuzzyVM/out/baseline/53
Creating directory: /home/odessa/AIingFuzzyVM/out/baseline/54
Creating directory: /home/odessa/AIingFuzzyVM/out/baseline/55
Creating directory: /home/odessa/AIingFuzzyVM/out/baseline/56
Creating directory: /home/odessa/AIingFuzzyVM/out/baseline/57
Creating directory: /home/odessa/AIingFuzzyVM/out/baseline/58
Creating directory: /home/odessa/AIingFuzzyVM/out/baseline/59
Creating directory: /home/odessa/AIingFuzzyVM/out/baseline/5a
Creating directory: /home/odessa/AIingFuzzyVM/out/baseline/5b
Creating directory: /home/odessa/AIingFuzzyVM/out/baseline/5c
Creating directory: /home/odessa/AIingFuzzyVM/out/baseline/5d
Creating directory: /home/odessa/AIingFuzzyVM/out/baseline/5e
Creating directory: /home/odessa/AIingFuzzyVM/out/baseline/5f
Creating directory: /home/odessa/AIingFuzzyVM/out/baseline/60
Creating directory: /home/odessa/AIingFuzzyVM/out/baseline/61
Creating directory: /home/odessa/AIingFuzzyVM/out/baseline/62
Creating directory: /home/odessa/AIingFuzzyVM/out/baseline/63
Creating directory: /home/odessa/AIingFuzzyVM/out/baseline/64
Creating directory: /home/odessa/AIingFuzzyVM/out/baseline/65
Creating directory: /home/odessa/AIingFuzzyVM/out/baseline/66
Creating directory: /home/odessa/AIingFuzzyVM/out/baseline/67
Creating directory: /home/odessa/AIingFuzzyVM/out/baseline/68
Creating directory: /home/odessa/AIingFuzzyVM/out/baseline/69
Creating directory: /home/odessa/AIingFuzzyVM/out/baseline/6a
Creating directory: /home/odessa/AIingFuzzyVM/out/baseline/6b
Creating directory: /home/odessa/AIingFuzzyVM/out/baseline/6c
Creating directory: /home/odessa/AIingFuzzyVM/out/baseline/6d
Creating directory: /home/odessa/AIingFuzzyVM/out/baseline/6e
Creating directory: /home/odessa/AIingFuzzyVM/out/baseline/6f
Creating directory: /home/odessa/AIingFuzzyVM/out/baseline/70
Creating directory: /home/odessa/AIingFuzzyVM/out/baseline/71
Creating directory: /home/odessa/AIingFuzzyVM/out/baseline/72
Creating directory: /home/odessa/AIingFuzzyVM/out/baseline/73
Creating directory: /home/odessa/AIingFuzzyVM/out/baseline/74
Creating directory: /home/odessa/AIingFuzzyVM/out/baseline/75
Creating directory: /home/odessa/AIingFuzzyVM/out/baseline/76
Creating directory: /home/odessa/AIingFuzzyVM/out/baseline/77
Creating directory: /home/odessa/AIingFuzzyVM/out/baseline/78
Creating directory: /home/odessa/AIingFuzzyVM/out/baseline/79
Creating directory: /home/odessa/AIingFuzzyVM/out/baseline/7a
Creating directory: /home/odessa/AIingFuzzyVM/out/baseline/7b
Creating directory: /home/odessa/AIingFuzzyVM/out/baseline/7c
Creating directory: /home/odessa/AIingFuzzyVM/out/baseline/7d
Creating directory: /home/odessa/AIingFuzzyVM/out/baseline/7e
Creating directory: /home/odessa/AIingFuzzyVM/out/baseline/7f
Creating directory: /home/odessa/AIingFuzzyVM/out/baseline/80
Creating directory: /home/odessa/AIingFuzzyVM/out/baseline/81
Creating directory: /home/odessa/AIingFuzzyVM/out/baseline/82
Creating directory: /home/odessa/AIingFuzzyVM/out/baseline/83
Creating directory: /home/odessa/AIingFuzzyVM/out/baseline/84
Creating directory: /home/odessa/AIingFuzzyVM/out/baseline/85
Creating directory: /home/odessa/AIingFuzzyVM/out/baseline/86
Creating directory: /home/odessa/AIingFuzzyVM/out/baseline/87
Creating directory: /home/odessa/AIingFuzzyVM/out/baseline/88
Creating directory: /home/odessa/AIingFuzzyVM/out/baseline/89
Creating directory: /home/odessa/AIingFuzzyVM/out/baseline/8a
Creating directory: /home/odessa/AIingFuzzyVM/out/baseline/8b
Creating directory: /home/odessa/AIingFuzzyVM/out/baseline/8c
Creating directory: /home/odessa/AIingFuzzyVM/out/baseline/8d
Creating directory: /home/odessa/AIingFuzzyVM/out/baseline/8e
Creating directory: /home/odessa/AIingFuzzyVM/out/baseline/8f
Creating directory: /home/odessa/AIingFuzzyVM/out/baseline/90
Creating directory: /home/odessa/AIingFuzzyVM/out/baseline/91
Creating directory: /home/odessa/AIingFuzzyVM/out/baseline/92
Creating directory: /home/odessa/AIingFuzzyVM/out/baseline/93
Creating directory: /home/odessa/AIingFuzzyVM/out/baseline/94
Creating directory: /home/odessa/AIingFuzzyVM/out/baseline/95
Creating directory: /home/odessa/AIingFuzzyVM/out/baseline/96
Creating directory: /home/odessa/AIingFuzzyVM/out/baseline/97
Creating directory: /home/odessa/AIingFuzzyVM/out/baseline/98
Creating directory: /home/odessa/AIingFuzzyVM/out/baseline/99
Creating directory: /home/odessa/AIingFuzzyVM/out/baseline/9a
Creating directory: /home/odessa/AIingFuzzyVM/out/baseline/9b
Creating directory: /home/odessa/AIingFuzzyVM/out/baseline/9c
Creating directory: /home/odessa/AIingFuzzyVM/out/baseline/9d
Creating directory: /home/odessa/AIingFuzzyVM/out/baseline/9e
Creating directory: /home/odessa/AIingFuzzyVM/out/baseline/9f
Creating directory: /home/odessa/AIingFuzzyVM/out/baseline/a0
Creating directory: /home/odessa/AIingFuzzyVM/out/baseline/a1
Creating directory: /home/odessa/AIingFuzzyVM/out/baseline/a2
Creating directory: /home/odessa/AIingFuzzyVM/out/baseline/a3
Creating directory: /home/odessa/AIingFuzzyVM/out/baseline/a4
Creating directory: /home/odessa/AIingFuzzyVM/out/baseline/a5
Creating directory: /home/odessa/AIingFuzzyVM/out/baseline/a6
Creating directory: /home/odessa/AIingFuzzyVM/out/baseline/a7
Creating directory: /home/odessa/AIingFuzzyVM/out/baseline/a8
Creating directory: /home/odessa/AIingFuzzyVM/out/baseline/a9
Creating directory: /home/odessa/AIingFuzzyVM/out/baseline/aa
Creating directory: /home/odessa/AIingFuzzyVM/out/baseline/ab
Creating directory: /home/odessa/AIingFuzzyVM/out/baseline/ac
Creating directory: /home/odessa/AIingFuzzyVM/out/baseline/ad
Creating directory: /home/odessa/AIingFuzzyVM/out/baseline/ae
Creating directory: /home/odessa/AIingFuzzyVM/out/baseline/af
Creating directory: /home/odessa/AIingFuzzyVM/out/baseline/b0
Creating directory: /home/odessa/AIingFuzzyVM/out/baseline/b1
Creating directory: /home/odessa/AIingFuzzyVM/out/baseline/b2
Creating directory: /home/odessa/AIingFuzzyVM/out/baseline/b3
Creating directory: /home/odessa/AIingFuzzyVM/out/baseline/b4
Creating directory: /home/odessa/AIingFuzzyVM/out/baseline/b5
Creating directory: /home/odessa/AIingFuzzyVM/out/baseline/b6
Creating directory: /home/odessa/AIingFuzzyVM/out/baseline/b7
Creating directory: /home/odessa/AIingFuzzyVM/out/baseline/b8
Creating directory: /home/odessa/AIingFuzzyVM/out/baseline/b9
Creating directory: /home/odessa/AIingFuzzyVM/out/baseline/ba
Creating directory: /home/odessa/AIingFuzzyVM/out/baseline/bb
Creating directory: /home/odessa/AIingFuzzyVM/out/baseline/bc
Creating directory: /home/odessa/AIingFuzzyVM/out/baseline/bd
Creating directory: /home/odessa/AIingFuzzyVM/out/baseline/be
Creating directory: /home/odessa/AIingFuzzyVM/out/baseline/bf
Creating directory: /home/odessa/AIingFuzzyVM/out/baseline/c0
Creating directory: /home/odessa/AIingFuzzyVM/out/baseline/c1
Creating directory: /home/odessa/AIingFuzzyVM/out/baseline/c2
Creating directory: /home/odessa/AIingFuzzyVM/out/baseline/c3
Creating directory: /home/odessa/AIingFuzzyVM/out/baseline/c4
Creating directory: /home/odessa/AIingFuzzyVM/out/baseline/c5
Creating directory: /home/odessa/AIingFuzzyVM/out/baseline/c6
Creating directory: /home/odessa/AIingFuzzyVM/out/baseline/c7
Creating directory: /home/odessa/AIingFuzzyVM/out/baseline/c8
Creating directory: /home/odessa/AIingFuzzyVM/out/baseline/c9
Creating directory: /home/odessa/AIingFuzzyVM/out/baseline/ca
Creating directory: /home/odessa/AIingFuzzyVM/out/baseline/cb
Creating directory: /home/odessa/AIingFuzzyVM/out/baseline/cc
Creating directory: /home/odessa/AIingFuzzyVM/out/baseline/cd
Creating directory: /home/odessa/AIingFuzzyVM/out/baseline/ce
Creating directory: /home/odessa/AIingFuzzyVM/out/baseline/cf
Creating directory: /home/odessa/AIingFuzzyVM/out/baseline/d0
Creating directory: /home/odessa/AIingFuzzyVM/out/baseline/d1
Creating directory: /home/odessa/AIingFuzzyVM/out/baseline/d2
Creating directory: /home/odessa/AIingFuzzyVM/out/baseline/d3
Creating directory: /home/odessa/AIingFuzzyVM/out/baseline/d4
Creating directory: /home/odessa/AIingFuzzyVM/out/baseline/d5
Creating directory: /home/odessa/AIingFuzzyVM/out/baseline/d6
Creating directory: /home/odessa/AIingFuzzyVM/out/baseline/d7
Creating directory: /home/odessa/AIingFuzzyVM/out/baseline/d8
Creating directory: /home/odessa/AIingFuzzyVM/out/baseline/d9
Creating directory: /home/odessa/AIingFuzzyVM/out/baseline/da
Creating directory: /home/odessa/AIingFuzzyVM/out/baseline/db
Creating directory: /home/odessa/AIingFuzzyVM/out/baseline/dc
Creating directory: /home/odessa/AIingFuzzyVM/out/baseline/dd
Creating directory: /home/odessa/AIingFuzzyVM/out/baseline/de
Creating directory: /home/odessa/AIingFuzzyVM/out/baseline/df
Creating directory: /home/odessa/AIingFuzzyVM/out/baseline/e0
Creating directory: /home/odessa/AIingFuzzyVM/out/baseline/e1
Creating directory: /home/odessa/AIingFuzzyVM/out/baseline/e2
Creating directory: /home/odessa/AIingFuzzyVM/out/baseline/e3
Creating directory: /home/odessa/AIingFuzzyVM/out/baseline/e4
Creating directory: /home/odessa/AIingFuzzyVM/out/baseline/e5
Creating directory: /home/odessa/AIingFuzzyVM/out/baseline/e6
Creating directory: /home/odessa/AIingFuzzyVM/out/baseline/e7
Creating directory: /home/odessa/AIingFuzzyVM/out/baseline/e8
Creating directory: /home/odessa/AIingFuzzyVM/out/baseline/e9
Creating directory: /home/odessa/AIingFuzzyVM/out/baseline/ea
Creating directory: /home/odessa/AIingFuzzyVM/out/baseline/eb
Creating directory: /home/odessa/AIingFuzzyVM/out/baseline/ec
Creating directory: /home/odessa/AIingFuzzyVM/out/baseline/ed
Creating directory: /home/odessa/AIingFuzzyVM/out/baseline/ee
Creating directory: /home/odessa/AIingFuzzyVM/out/baseline/ef
Creating directory: /home/odessa/AIingFuzzyVM/out/baseline/f0
Creating directory: /home/odessa/AIingFuzzyVM/out/baseline/f1
Creating directory: /home/odessa/AIingFuzzyVM/out/baseline/f2
Creating directory: /home/odessa/AIingFuzzyVM/out/baseline/f3
Creating directory: /home/odessa/AIingFuzzyVM/out/baseline/f4
Creating directory: /home/odessa/AIingFuzzyVM/out/baseline/f5
Creating directory: /home/odessa/AIingFuzzyVM/out/baseline/f6
Creating directory: /home/odessa/AIingFuzzyVM/out/baseline/f7
Creating directory: /home/odessa/AIingFuzzyVM/out/baseline/f8
Creating directory: /home/odessa/AIingFuzzyVM/out/baseline/f9
Creating directory: /home/odessa/AIingFuzzyVM/out/baseline/fa
Creating directory: /home/odessa/AIingFuzzyVM/out/baseline/fb
Creating directory: /home/odessa/AIingFuzzyVM/out/baseline/fc
Creating directory: /home/odessa/AIingFuzzyVM/out/baseline/fd
Creating directory: /home/odessa/AIingFuzzyVM/out/baseline/fe
Creating directory: /home/odessa/AIingFuzzyVM/out/baseline/ff
&map[name:0x2dd3b13141a0]Error reading corpus directory: open ./../corpus/: no such file or directory
fuzz: elapsed: 0s, gathering baseline coverage: 0/317 completed
fuzz: elapsed: 3s, gathering baseline coverage: 88/317 completed
fuzz: elapsed: 6s, gathering baseline coverage: 120/317 completed
fuzz: elapsed: 9s, gathering baseline coverage: 317/317 completed, now fuzzing with 4 workers
fuzz: elapsed: 9s, execs: 455 (112/sec), new interesting: 0 (total: 317)
fuzz: elapsed: 12s, execs: 12314 (3953/sec), new interesting: 11 (total: 328)
fuzz: elapsed: 15s, execs: 16820 (1502/sec), new interesting: 17 (total: 334)
fuzz: elapsed: 18s, execs: 18701 (627/sec), new interesting: 19 (total: 336)
fuzz: elapsed: 21s, execs: 21799 (1033/sec), new interesting: 22 (total: 339)
fuzz: elapsed: 24s, execs: 22618 (273/sec), new interesting: 23 (total: 340)
fuzz: elapsed: 27s, execs: 24904 (762/sec), new interesting: 24 (total: 341)
fuzz: elapsed: 30s, execs: 27464 (854/sec), new interesting: 27 (total: 344)
fuzz: elapsed: 33s, execs: 30313 (950/sec), new interesting: 31 (total: 348)
fuzz: elapsed: 36s, execs: 34358 (1348/sec), new interesting: 35 (total: 352)
fuzz: elapsed: 39s, execs: 39291 (1644/sec), new interesting: 42 (total: 359)
fuzz: elapsed: 42s, execs: 43442 (1384/sec), new interesting: 47 (total: 364)
fuzz: elapsed: 45s, execs: 46999 (1186/sec), new interesting: 52 (total: 369)
fuzz: elapsed: 48s, execs: 48477 (493/sec), new interesting: 53 (total: 370)
fuzz: elapsed: 51s, execs: 49870 (464/sec), new interesting: 54 (total: 371)
fuzz: elapsed: 54s, execs: 51517 (549/sec), new interesting: 56 (total: 373)
fuzz: elapsed: 57s, execs: 51517 (0/sec), new interesting: 56 (total: 373)
fuzz: elapsed: 1m0s, execs: 51517 (0/sec), new interesting: 56 (total: 373)
fuzz: elapsed: 1m3s, execs: 54078 (854/sec), new interesting: 58 (total: 375)
fuzz: elapsed: 1m6s, execs: 54078 (0/sec), new interesting: 58 (total: 375)
fuzz: elapsed: 1m9s, execs: 54078 (0/sec), new interesting: 58 (total: 375)
fuzz: elapsed: 1m12s, execs: 54078 (0/sec), new interesting: 58 (total: 375)
fuzz: elapsed: 1m15s, execs: 55056 (326/sec), new interesting: 59 (total: 376)
fuzz: elapsed: 1m18s, execs: 55740 (228/sec), new interesting: 60 (total: 377)
fuzz: elapsed: 1m21s, execs: 55740 (0/sec), new interesting: 60 (total: 377)
fuzz: elapsed: 1m24s, execs: 55740 (0/sec), new interesting: 60 (total: 377)
fuzz: elapsed: 1m27s, execs: 55740 (0/sec), new interesting: 60 (total: 377)
fuzz: elapsed: 1m30s, execs: 55740 (0/sec), new interesting: 60 (total: 377)
fuzz: elapsed: 1m33s, execs: 55740 (0/sec), new interesting: 60 (total: 377)
fuzz: elapsed: 1m36s, execs: 57957 (740/sec), new interesting: 61 (total: 378)
fuzz: elapsed: 1m39s, execs: 58614 (219/sec), new interesting: 61 (total: 378)
fuzz: elapsed: 1m42s, execs: 58615 (0/sec), new interesting: 61 (total: 378)
fuzz: elapsed: 1m45s, execs: 58615 (0/sec), new interesting: 61 (total: 378)
fuzz: elapsed: 1m48s, execs: 58615 (0/sec), new interesting: 61 (total: 378)
fuzz: elapsed: 1m51s, execs: 59524 (303/sec), new interesting: 62 (total: 379)
fuzz: elapsed: 1m54s, execs: 59525 (0/sec), new interesting: 62 (total: 379)
fuzz: elapsed: 1m57s, execs: 61082 (519/sec), new interesting: 63 (total: 380)
fuzz: elapsed: 2m0s, execs: 61791 (236/sec), new interesting: 64 (total: 381)
fuzz: elapsed: 2m3s, execs: 62473 (227/sec), new interesting: 65 (total: 382)
fuzz: elapsed: 2m6s, execs: 63483 (337/sec), new interesting: 66 (total: 383)
fuzz: elapsed: 2m9s, execs: 64813 (443/sec), new interesting: 68 (total: 385)
fuzz: elapsed: 2m12s, execs: 65812 (333/sec), new interesting: 69 (total: 386)
fuzz: elapsed: 2m15s, execs: 65812 (0/sec), new interesting: 69 (total: 386)
fuzz: elapsed: 2m18s, execs: 65812 (0/sec), new interesting: 70 (total: 387)
fuzz: elapsed: 2m21s, execs: 65812 (0/sec), new interesting: 70 (total: 387)
fuzz: elapsed: 2m24s, execs: 65812 (0/sec), new interesting: 70 (total: 387)
fuzz: elapsed: 2m27s, execs: 65812 (0/sec), new interesting: 70 (total: 387)
fuzz: elapsed: 2m30s, execs: 66793 (327/sec), new interesting: 71 (total: 388)
fuzz: elapsed: 2m33s, execs: 66793 (0/sec), new interesting: 71 (total: 388)
fuzz: elapsed: 2m36s, execs: 66795 (1/sec), new interesting: 71 (total: 388)
fuzz: elapsed: 2m39s, execs: 66795 (0/sec), new interesting: 71 (total: 388)
fuzz: elapsed: 2m42s, execs: 66795 (0/sec), new interesting: 71 (total: 388)
fuzz: elapsed: 2m45s, execs: 66795 (0/sec), new interesting: 71 (total: 388)
fuzz: elapsed: 2m48s, execs: 66795 (0/sec), new interesting: 71 (total: 388)
fuzz: elapsed: 2m51s, execs: 66795 (0/sec), new interesting: 71 (total: 388)
fuzz: elapsed: 2m54s, execs: 66795 (0/sec), new interesting: 71 (total: 388)
fuzz: elapsed: 2m57s, execs: 66795 (0/sec), new interesting: 71 (total: 388)
fuzz: elapsed: 3m0s, execs: 66795 (0/sec), new interesting: 71 (total: 388)
fuzz: elapsed: 3m3s, execs: 66795 (0/sec), new interesting: 71 (total: 388)
fuzz: elapsed: 3m6s, execs: 66795 (0/sec), new interesting: 71 (total: 388)
fuzz: elapsed: 3m9s, execs: 66795 (0/sec), new interesting: 71 (total: 388)
fuzz: elapsed: 3m12s, execs: 66795 (0/sec), new interesting: 71 (total: 388)
fuzz: elapsed: 3m15s, execs: 66797 (1/sec), new interesting: 71 (total: 388)
fuzz: elapsed: 3m18s, execs: 66805 (3/sec), new interesting: 71 (total: 388)
fuzz: elapsed: 3m21s, execs: 66805 (0/sec), new interesting: 71 (total: 388)
fuzz: elapsed: 3m24s, execs: 66805 (0/sec), new interesting: 71 (total: 388)
fuzz: elapsed: 3m27s, execs: 66805 (0/sec), new interesting: 71 (total: 388)
fuzz: elapsed: 3m30s, execs: 66805 (0/sec), new interesting: 71 (total: 388)
fuzz: elapsed: 3m33s, execs: 67715 (304/sec), new interesting: 72 (total: 389)
fuzz: elapsed: 3m36s, execs: 68713 (333/sec), new interesting: 74 (total: 391)
fuzz: elapsed: 3m39s, execs: 70253 (513/sec), new interesting: 74 (total: 391)
fuzz: elapsed: 3m42s, execs: 70261 (3/sec), new interesting: 74 (total: 391)
fuzz: elapsed: 3m45s, execs: 71250 (330/sec), new interesting: 75 (total: 392)
fuzz: elapsed: 3m48s, execs: 72094 (281/sec), new interesting: 76 (total: 393)
fuzz: elapsed: 3m51s, execs: 72094 (0/sec), new interesting: 76 (total: 393)
fuzz: elapsed: 3m54s, execs: 72094 (0/sec), new interesting: 76 (total: 393)
fuzz: elapsed: 3m57s, execs: 72094 (0/sec), new interesting: 76 (total: 393)
fuzz: elapsed: 4m0s, execs: 72094 (0/sec), new interesting: 76 (total: 393)
fuzz: elapsed: 4m3s, execs: 72094 (0/sec), new interesting: 76 (total: 393)
fuzz: elapsed: 4m6s, execs: 73635 (514/sec), new interesting: 76 (total: 393)
fuzz: elapsed: 4m9s, execs: 74184 (198/sec), new interesting: 76 (total: 393)
--- FAIL: FuzzVMBasic (248.77s)
    fuzzing process hung or terminated unexpectedly while minimizing: EOF
    Failing input written to testdata/fuzz/FuzzVMBasic/6e99c0173c277c30
    To re-run:
    go test -run=FuzzVMBasic/6e99c0173c277c30
FAIL
exit status 1
FAIL	github.com/MariusVanDerWijden/FuzzyVM/fuzzer	254.032s
exit status 1
