scanning 989892 files with 12 workers
  10000/989892  35739 files/s
  20000/989892  43043 files/s
  30000/989892  42261 files/s
  40000/989892  41919 files/s
  50000/989892  41509 files/s
  60000/989892  41456 files/s
  70000/989892  41223 files/s
  80000/989892  40962 files/s
  90000/989892  40933 files/s
  100000/989892  40899 files/s
  110000/989892  40864 files/s
  120000/989892  40651 files/s
  130000/989892  40562 files/s
  140000/989892  40561 files/s
  150000/989892  40584 files/s
  160000/989892  40436 files/s
  170000/989892  40382 files/s
  180000/989892  40387 files/s
  190000/989892  40375 files/s
  200000/989892  40167 files/s
  210000/989892  40188 files/s
  220000/989892  40150 files/s
  230000/989892  40185 files/s
  240000/989892  40122 files/s
  250000/989892  40096 files/s
  260000/989892  39996 files/s
  270000/989892  40018 files/s
  280000/989892  39971 files/s
  290000/989892  39934 files/s
  300000/989892  39885 files/s
  310000/989892  39662 files/s
  320000/989892  39589 files/s
  330000/989892  39525 files/s
  340000/989892  39488 files/s
  350000/989892  39462 files/s
  360000/989892  39278 files/s
  370000/989892  39194 files/s
  380000/989892  39134 files/s
  390000/989892  39113 files/s
  400000/989892  39071 files/s
  410000/989892  38861 files/s
  420000/989892  38832 files/s
  430000/989892  38827 files/s
  440000/989892  38829 files/s
  450000/989892  38858 files/s
  460000/989892  38764 files/s
  470000/989892  38804 files/s
  480000/989892  38843 files/s
  490000/989892  38858 files/s
  500000/989892  38880 files/s
  510000/989892  38911 files/s
  520000/989892  38848 files/s
  530000/989892  38881 files/s
  540000/989892  38906 files/s
  550000/989892  38945 files/s
  560000/989892  38931 files/s
  570000/989892  38951 files/s
  580000/989892  38880 files/s
  590000/989892  38901 files/s
  600000/989892  38926 files/s
  610000/989892  38939 files/s
  620000/989892  38973 files/s
  630000/989892  38999 files/s
  640000/989892  39027 files/s
  650000/989892  38968 files/s
  660000/989892  38989 files/s
  670000/989892  38999 files/s
  680000/989892  39023 files/s
  690000/989892  39044 files/s
  700000/989892  39049 files/s
  710000/989892  38972 files/s
  720000/989892  38993 files/s
  730000/989892  39008 files/s
  740000/989892  39022 files/s
  750000/989892  39025 files/s
  760000/989892  38938 files/s
  770000/989892  38941 files/s
  780000/989892  38863 files/s
  790000/989892  38855 files/s
  800000/989892  38865 files/s
  810000/989892  38887 files/s
  820000/989892  38890 files/s
  830000/989892  38595 files/s
  840000/989892  38064 files/s
  850000/989892  38090 files/s
  860000/989892  38043 files/s
  870000/989892  38065 files/s
  880000/989892  38091 files/s
  890000/989892  38115 files/s
  900000/989892  38123 files/s
  910000/989892  38150 files/s
  920000/989892  38155 files/s
  930000/989892  38108 files/s
  940000/989892  38122 files/s
  950000/989892  38125 files/s
  960000/989892  38146 files/s
  970000/989892  38158 files/s
  980000/989892  38184 files/s
wrote out/baseline_metrics.json
{
  "root": "/home/odessa/AIingFuzzyVM/out/baseline",
  "tests_total": 989892,
  "tests_with_code": 936901,
  "unique_bytecodes": 528212,
  "dedup_rate": 0.533606,
  "total_opcodes": 126540294,
  "avg_opcodes_per_test": 135.06,
  "unique_ngrams_n3": 272408,
  "unique_ngrams_n5": 656511,
  "top_opcodes": [
    {
      "op": "PUSH1",
      "count": 48940891
    },
    {
      "op": "JUMPDEST",
      "count": 15165162
    },
    {
      "op": "MSTORE8",
      "count": 12370016
    },
    {
      "op": "MSTORE",
      "count": 9033512
    },
    {
      "op": "PUSH32",
      "count": 8586223
    },
    {
      "op": "PUSH2",
      "count": 5463025
    },
    {
      "op": "SSTORE",
      "count": 1895894
    },
    {
      "op": "PUSH3",
      "count": 1883877
    },
    {
      "op": "PUSH4",
      "count": 1366022
    },
    {
      "op": "CALL",
      "count": 1316736
    },
    {
      "op": "DUP1",
      "count": 1108071
    },
    {
      "op": "PUSH8",
      "count": 1084371
    },
    {
      "op": "MLOAD",
      "count": 973686
    },
    {
      "op": "JUMP",
      "count": 896299
    },
    {
      "op": "TSTORE",
      "count": 893580
    },
    {
      "op": "STATICCALL",
      "count": 831174
    },
    {
      "op": "MSIZE",
      "count": 712427
    },
    {
      "op": "RETURN",
      "count": 670521
    },
    {
      "op": "CALLCODE",
      "count": 635196
    },
    {
      "op": "STOP",
      "count": 558060
    },
    {
      "op": "PUSH20",
      "count": 467785
    },
    {
      "op": "CREATE",
      "count": 406112
    },
    {
      "op": "KECCAK256",
      "count": 370740
    },
    {
      "op": "RETURNDATASIZE",
      "count": 352274
    },
    {
      "op": "RETURNDATACOPY",
      "count": 343217
    },
    {
      "op": "BLOBHASH",
      "count": 338713
    },
    {
      "op": "TLOAD",
      "count": 307506
    },
    {
      "op": "SLOAD",
      "count": 296604
    },
    {
      "op": "UNKNOWN_e5",
      "count": 283199
    },
    {
      "op": "CREATE2",
      "count": 273685
    }
  ],
  "scan_duration_s": 25.91,
  "files_scanned": 989892
}
