[posthoc] root=out/baseline shards=257 threads=16 out=/home/odessa/AIingFuzzyVM/out/posthoc_baseline
[posthoc] skip (cached) out/baseline/35
[posthoc] skip (cached) out/baseline/35
{"shard": "out/baseline/35", "tests": 3194, "slow": 5, "divergences": 0, "duration_s": 48.67}
[posthoc] skip (cached) out/baseline/cc
[posthoc] skip (cached) out/baseline/cc
{"shard": "out/baseline/cc", "tests": 3142, "slow": 2, "divergences": 0, "duration_s": 48.58}
[posthoc] out/baseline/dc
[posthoc] out/baseline/dc
No divergences found. Ran 3601 tests across geth+revme in 41.55s (0 slow).
{"shard": "out/baseline/dc", "tests": 3601, "slow": 0, "divergences": 0, "duration_s": 41.55}
[posthoc] out/baseline/22
[posthoc] out/baseline/22
No divergences found. Ran 3283 tests across geth+revme in 37.65s (6 slow).
{"shard": "out/baseline/22", "tests": 3283, "slow": 6, "divergences": 0, "duration_s": 37.65}
[posthoc] out/baseline/5e
[posthoc] out/baseline/5e
No divergences found. Ran 3455 tests across geth+revme in 44.22s (6 slow).
{"shard": "out/baseline/5e", "tests": 3455, "slow": 6, "divergences": 0, "duration_s": 44.22}
[posthoc] out/baseline/b9
[posthoc] out/baseline/b9
No divergences found. Ran 3352 tests across geth+revme in 36.4s (3 slow).
{"shard": "out/baseline/b9", "tests": 3352, "slow": 3, "divergences": 0, "duration_s": 36.4}
[posthoc] out/baseline/6d
[posthoc] out/baseline/6d
No divergences found. Ran 3357 tests across geth+revme in 36.32s (2 slow).
{"shard": "out/baseline/6d", "tests": 3357, "slow": 2, "divergences": 0, "duration_s": 36.32}
[posthoc] out/baseline/c5
[posthoc] out/baseline/c5
No divergences found. Ran 3367 tests across geth+revme in 35.89s (3 slow).
{"shard": "out/baseline/c5", "tests": 3367, "slow": 3, "divergences": 0, "duration_s": 35.89}
[posthoc] out/baseline/a8
[posthoc] out/baseline/a8
No divergences found. Ran 3355 tests across geth+revme in 36.06s (6 slow).
{"shard": "out/baseline/a8", "tests": 3355, "slow": 6, "divergences": 0, "duration_s": 36.06}
[posthoc] out/baseline/ec
[posthoc] out/baseline/ec
No divergences found. Ran 3403 tests across geth+revme in 35.82s (7 slow).
{"shard": "out/baseline/ec", "tests": 3403, "slow": 7, "divergences": 0, "duration_s": 35.82}
[posthoc] out/baseline/59
[posthoc] out/baseline/59
No divergences found. Ran 3406 tests across geth+revme in 36.76s (5 slow).
{"shard": "out/baseline/59", "tests": 3406, "slow": 5, "divergences": 0, "duration_s": 36.76}
[posthoc] out/baseline/50
[posthoc] out/baseline/50
No divergences found. Ran 3398 tests across geth+revme in 37.2s (4 slow).
{"shard": "out/baseline/50", "tests": 3398, "slow": 4, "divergences": 0, "duration_s": 37.2}
[posthoc] out/baseline/7e
[posthoc] out/baseline/7e
No divergences found. Ran 3416 tests across geth+revme in 37.24s (5 slow).
{"shard": "out/baseline/7e", "tests": 3416, "slow": 5, "divergences": 0, "duration_s": 37.24}
[posthoc] out/baseline/98
[posthoc] out/baseline/98
No divergences found. Ran 3388 tests across geth+revme in 37.13s (3 slow).
{"shard": "out/baseline/98", "tests": 3388, "slow": 3, "divergences": 0, "duration_s": 37.13}
[posthoc] out/baseline/4b
[posthoc] out/baseline/4b
No divergences found. Ran 3413 tests across geth+revme in 36.97s (2 slow).
{"shard": "out/baseline/4b", "tests": 3413, "slow": 2, "divergences": 0, "duration_s": 36.97}
[posthoc] out/baseline/8c
[posthoc] out/baseline/8c
No divergences found. Ran 3408 tests across geth+revme in 36.07s (3 slow).
{"shard": "out/baseline/8c", "tests": 3408, "slow": 3, "divergences": 0, "duration_s": 36.07}
[posthoc] out/baseline/61
[posthoc] out/baseline/61
No divergences found. Ran 3410 tests across geth+revme in 36.12s (1 slow).
{"shard": "out/baseline/61", "tests": 3410, "slow": 1, "divergences": 0, "duration_s": 36.12}
[posthoc] out/baseline/1f
[posthoc] out/baseline/1f
No divergences found. Ran 3409 tests across geth+revme in 36.26s (5 slow).
{"shard": "out/baseline/1f", "tests": 3409, "slow": 5, "divergences": 0, "duration_s": 36.26}
[posthoc] out/baseline/2f
[posthoc] out/baseline/2f
No divergences found. Ran 3376 tests across geth+revme in 37.16s (6 slow).
{"shard": "out/baseline/2f", "tests": 3376, "slow": 6, "divergences": 0, "duration_s": 37.16}
[posthoc] out/baseline/fc
[posthoc] out/baseline/fc
No divergences found. Ran 3387 tests across geth+revme in 36.53s (7 slow).
{"shard": "out/baseline/fc", "tests": 3387, "slow": 7, "divergences": 0, "duration_s": 36.53}
[posthoc] out/baseline/c6
[posthoc] out/baseline/c6
No divergences found. Ran 3405 tests across geth+revme in 35.74s (8 slow).
{"shard": "out/baseline/c6", "tests": 3405, "slow": 8, "divergences": 0, "duration_s": 35.74}
[posthoc] out/baseline/2e
[posthoc] out/baseline/2e
No divergences found. Ran 3397 tests across geth+revme in 35.05s (3 slow).
{"shard": "out/baseline/2e", "tests": 3397, "slow": 3, "divergences": 0, "duration_s": 35.05}
[posthoc] out/baseline/ed
[posthoc] out/baseline/ed
No divergences found. Ran 3406 tests across geth+revme in 36.33s (3 slow).
{"shard": "out/baseline/ed", "tests": 3406, "slow": 3, "divergences": 0, "duration_s": 36.33}
[posthoc] out/baseline/0d
[posthoc] out/baseline/0d
No divergences found. Ran 3383 tests across geth+revme in 36.72s (4 slow).
{"shard": "out/baseline/0d", "tests": 3383, "slow": 4, "divergences": 0, "duration_s": 36.72}
[posthoc] out/baseline/b7
[posthoc] out/baseline/b7
No divergences found. Ran 3415 tests across geth+revme in 36.01s (5 slow).
{"shard": "out/baseline/b7", "tests": 3415, "slow": 5, "divergences": 0, "duration_s": 36.01}
[posthoc] out/baseline/fa
[posthoc] out/baseline/fa
No divergences found. Ran 3423 tests across geth+revme in 36.06s (6 slow).
{"shard": "out/baseline/fa", "tests": 3423, "slow": 6, "divergences": 0, "duration_s": 36.06}
[posthoc] out/baseline/d2
[posthoc] out/baseline/d2
No divergences found. Ran 3376 tests across geth+revme in 35.92s (2 slow).
{"shard": "out/baseline/d2", "tests": 3376, "slow": 2, "divergences": 0, "duration_s": 35.92}
[posthoc] out/baseline/a1
[posthoc] out/baseline/a1
No divergences found. Ran 3368 tests across geth+revme in 37.61s (3 slow).
{"shard": "out/baseline/a1", "tests": 3368, "slow": 3, "divergences": 0, "duration_s": 37.61}
[posthoc] out/baseline/f9
[posthoc] out/baseline/f9
No divergences found. Ran 3380 tests across geth+revme in 36.19s (1 slow).
{"shard": "out/baseline/f9", "tests": 3380, "slow": 1, "divergences": 0, "duration_s": 36.19}
[posthoc] out/baseline/bb
[posthoc] out/baseline/bb
No divergences found. Ran 3372 tests across geth+revme in 37.43s (2 slow).
{"shard": "out/baseline/bb", "tests": 3372, "slow": 2, "divergences": 0, "duration_s": 37.43}
[posthoc] out/baseline/2a
[posthoc] out/baseline/2a
No divergences found. Ran 3385 tests across geth+revme in 37.44s (7 slow).
{"shard": "out/baseline/2a", "tests": 3385, "slow": 7, "divergences": 0, "duration_s": 37.44}
[posthoc] out/baseline/4c
[posthoc] out/baseline/4c
No divergences found. Ran 3388 tests across geth+revme in 36.86s (7 slow).
{"shard": "out/baseline/4c", "tests": 3388, "slow": 7, "divergences": 0, "duration_s": 36.86}
[posthoc] out/baseline/24
[posthoc] out/baseline/24
No divergences found. Ran 3409 tests across geth+revme in 36.59s (5 slow).
{"shard": "out/baseline/24", "tests": 3409, "slow": 5, "divergences": 0, "duration_s": 36.59}
[posthoc] out/baseline/82
[posthoc] out/baseline/82
No divergences found. Ran 3401 tests across geth+revme in 35.96s (1 slow).
{"shard": "out/baseline/82", "tests": 3401, "slow": 1, "divergences": 0, "duration_s": 35.96}
[posthoc] out/baseline/da
[posthoc] out/baseline/da
No divergences found. Ran 3425 tests across geth+revme in 36.08s (3 slow).
{"shard": "out/baseline/da", "tests": 3425, "slow": 3, "divergences": 0, "duration_s": 36.08}
[posthoc] out/baseline/ac
[posthoc] out/baseline/ac
No divergences found. Ran 3401 tests across geth+revme in 35.83s (7 slow).
{"shard": "out/baseline/ac", "tests": 3401, "slow": 7, "divergences": 0, "duration_s": 35.83}
[posthoc] out/baseline/b5
[posthoc] out/baseline/b5
No divergences found. Ran 3401 tests across geth+revme in 37.25s (6 slow).
{"shard": "out/baseline/b5", "tests": 3401, "slow": 6, "divergences": 0, "duration_s": 37.25}
[posthoc] out/baseline/1d
[posthoc] out/baseline/1d
No divergences found. Ran 3393 tests across geth+revme in 35.87s (2 slow).
{"shard": "out/baseline/1d", "tests": 3393, "slow": 2, "divergences": 0, "duration_s": 35.87}
[posthoc] out/baseline/e6
[posthoc] out/baseline/e6
No divergences found. Ran 3399 tests across geth+revme in 36.52s (3 slow).
{"shard": "out/baseline/e6", "tests": 3399, "slow": 3, "divergences": 0, "duration_s": 36.52}
[posthoc] out/baseline/69
[posthoc] out/baseline/69
No divergences found. Ran 3384 tests across geth+revme in 36.49s (7 slow).
{"shard": "out/baseline/69", "tests": 3384, "slow": 7, "divergences": 0, "duration_s": 36.49}
[posthoc] out/baseline/2b
[posthoc] out/baseline/2b
No divergences found. Ran 3416 tests across geth+revme in 36.48s (2 slow).
{"shard": "out/baseline/2b", "tests": 3416, "slow": 2, "divergences": 0, "duration_s": 36.48}
[posthoc] out/baseline/f3
[posthoc] out/baseline/f3
No divergences found. Ran 3400 tests across geth+revme in 36.55s (4 slow).
{"shard": "out/baseline/f3", "tests": 3400, "slow": 4, "divergences": 0, "duration_s": 36.55}
[posthoc] out/baseline/0e
[posthoc] out/baseline/0e
No divergences found. Ran 3394 tests across geth+revme in 36.88s (3 slow).
{"shard": "out/baseline/0e", "tests": 3394, "slow": 3, "divergences": 0, "duration_s": 36.88}
[posthoc] out/baseline/ea
[posthoc] out/baseline/ea
No divergences found. Ran 3406 tests across geth+revme in 35.79s (0 slow).
{"shard": "out/baseline/ea", "tests": 3406, "slow": 0, "divergences": 0, "duration_s": 35.79}
[posthoc] out/baseline/87
[posthoc] out/baseline/87
No divergences found. Ran 3406 tests across geth+revme in 35.8s (0 slow).
{"shard": "out/baseline/87", "tests": 3406, "slow": 0, "divergences": 0, "duration_s": 35.8}
[posthoc] out/baseline/fb
[posthoc] out/baseline/fb
No divergences found. Ran 3400 tests across geth+revme in 35.58s (5 slow).
{"shard": "out/baseline/fb", "tests": 3400, "slow": 5, "divergences": 0, "duration_s": 35.58}
[posthoc] out/baseline/ab
[posthoc] out/baseline/ab
No divergences found. Ran 3420 tests across geth+revme in 35.19s (5 slow).
{"shard": "out/baseline/ab", "tests": 3420, "slow": 5, "divergences": 0, "duration_s": 35.19}
[posthoc] out/baseline/fd
[posthoc] out/baseline/fd
No divergences found. Ran 3396 tests across geth+revme in 35.31s (8 slow).
{"shard": "out/baseline/fd", "tests": 3396, "slow": 8, "divergences": 0, "duration_s": 35.31}
[posthoc] out/baseline/b8
[posthoc] out/baseline/b8
No divergences found. Ran 3391 tests across geth+revme in 36.62s (0 slow).
{"shard": "out/baseline/b8", "tests": 3391, "slow": 0, "divergences": 0, "duration_s": 36.62}
[posthoc] out/baseline/9a
[posthoc] out/baseline/9a
No divergences found. Ran 3396 tests across geth+revme in 35.02s (5 slow).
{"shard": "out/baseline/9a", "tests": 3396, "slow": 5, "divergences": 0, "duration_s": 35.02}
[posthoc] out/baseline/a7
[posthoc] out/baseline/a7
No divergences found. Ran 3437 tests across geth+revme in 35.8s (3 slow).
{"shard": "out/baseline/a7", "tests": 3437, "slow": 3, "divergences": 0, "duration_s": 35.8}
[posthoc] out/baseline/45
[posthoc] out/baseline/45
No divergences found. Ran 3427 tests across geth+revme in 35.09s (2 slow).
{"shard": "out/baseline/45", "tests": 3427, "slow": 2, "divergences": 0, "duration_s": 35.09}
[posthoc] out/baseline/00
[posthoc] out/baseline/00
No divergences found. Ran 3395 tests across geth+revme in 36.53s (6 slow).
{"shard": "out/baseline/00", "tests": 3395, "slow": 6, "divergences": 0, "duration_s": 36.53}
[posthoc] out/baseline/57
[posthoc] out/baseline/57
No divergences found. Ran 3391 tests across geth+revme in 36.58s (4 slow).
{"shard": "out/baseline/57", "tests": 3391, "slow": 4, "divergences": 0, "duration_s": 36.58}
[posthoc] out/baseline/5b
[posthoc] out/baseline/5b
No divergences found. Ran 3409 tests across geth+revme in 37.61s (4 slow).
{"shard": "out/baseline/5b", "tests": 3409, "slow": 4, "divergences": 0, "duration_s": 37.61}
[posthoc] out/baseline/90
[posthoc] out/baseline/90
No divergences found. Ran 3394 tests across geth+revme in 35.94s (1 slow).
{"shard": "out/baseline/90", "tests": 3394, "slow": 1, "divergences": 0, "duration_s": 35.94}
[posthoc] out/baseline/8b
[posthoc] out/baseline/8b
No divergences found. Ran 3364 tests across geth+revme in 37.0s (2 slow).
{"shard": "out/baseline/8b", "tests": 3364, "slow": 2, "divergences": 0, "duration_s": 37.0}
[posthoc] out/baseline/03
[posthoc] out/baseline/03
No divergences found. Ran 3391 tests across geth+revme in 36.41s (2 slow).
{"shard": "out/baseline/03", "tests": 3391, "slow": 2, "divergences": 0, "duration_s": 36.41}
[posthoc] out/baseline/29
[posthoc] out/baseline/29
No divergences found. Ran 3420 tests across geth+revme in 36.03s (2 slow).
{"shard": "out/baseline/29", "tests": 3420, "slow": 2, "divergences": 0, "duration_s": 36.03}
[posthoc] out/baseline/d9
[posthoc] out/baseline/d9
No divergences found. Ran 3400 tests across geth+revme in 37.1s (4 slow).
{"shard": "out/baseline/d9", "tests": 3400, "slow": 4, "divergences": 0, "duration_s": 37.1}
[posthoc] out/baseline/95
[posthoc] out/baseline/95
No divergences found. Ran 3403 tests across geth+revme in 36.66s (8 slow).
{"shard": "out/baseline/95", "tests": 3403, "slow": 8, "divergences": 0, "duration_s": 36.66}
[posthoc] out/baseline/ff
[posthoc] out/baseline/ff
No divergences found. Ran 3425 tests across geth+revme in 37.0s (7 slow).
{"shard": "out/baseline/ff", "tests": 3425, "slow": 7, "divergences": 0, "duration_s": 37.0}
[posthoc] out/baseline/7b
[posthoc] out/baseline/7b
No divergences found. Ran 3411 tests across geth+revme in 37.27s (7 slow).
{"shard": "out/baseline/7b", "tests": 3411, "slow": 7, "divergences": 0, "duration_s": 37.27}
[posthoc] out/baseline/37
[posthoc] out/baseline/37
No divergences found. Ran 3344 tests across geth+revme in 36.59s (3 slow).
{"shard": "out/baseline/37", "tests": 3344, "slow": 3, "divergences": 0, "duration_s": 36.59}
[posthoc] out/baseline/15
[posthoc] out/baseline/15
No divergences found. Ran 3318 tests across geth+revme in 36.55s (4 slow).
{"shard": "out/baseline/15", "tests": 3318, "slow": 4, "divergences": 0, "duration_s": 36.55}
[posthoc] out/baseline/e4
[posthoc] out/baseline/e4
No divergences found. Ran 3325 tests across geth+revme in 37.61s (11 slow).
{"shard": "out/baseline/e4", "tests": 3325, "slow": 11, "divergences": 0, "duration_s": 37.61}
[posthoc] out/baseline/43
[posthoc] out/baseline/43
No divergences found. Ran 3332 tests across geth+revme in 37.06s (4 slow).
{"shard": "out/baseline/43", "tests": 3332, "slow": 4, "divergences": 0, "duration_s": 37.06}
[posthoc] out/baseline/89
[posthoc] out/baseline/89
No divergences found. Ran 3350 tests across geth+revme in 35.87s (10 slow).
{"shard": "out/baseline/89", "tests": 3350, "slow": 10, "divergences": 0, "duration_s": 35.87}
[posthoc] out/baseline/04
[posthoc] out/baseline/04
No divergences found. Ran 3359 tests across geth+revme in 36.67s (2 slow).
{"shard": "out/baseline/04", "tests": 3359, "slow": 2, "divergences": 0, "duration_s": 36.67}
[posthoc] out/baseline/ad
[posthoc] out/baseline/ad
No divergences found. Ran 3436 tests across geth+revme in 36.44s (9 slow).
{"shard": "out/baseline/ad", "tests": 3436, "slow": 9, "divergences": 0, "duration_s": 36.44}
[posthoc] out/baseline/06
[posthoc] out/baseline/06
No divergences found. Ran 3443 tests across geth+revme in 36.7s (7 slow).
{"shard": "out/baseline/06", "tests": 3443, "slow": 7, "divergences": 0, "duration_s": 36.7}
[posthoc] out/baseline/c0
[posthoc] out/baseline/c0
No divergences found. Ran 3352 tests across geth+revme in 37.75s (7 slow).
{"shard": "out/baseline/c0", "tests": 3352, "slow": 7, "divergences": 0, "duration_s": 37.75}
[posthoc] out/baseline/c3
[posthoc] out/baseline/c3
No divergences found. Ran 3382 tests across geth+revme in 37.9s (4 slow).
{"shard": "out/baseline/c3", "tests": 3382, "slow": 4, "divergences": 0, "duration_s": 37.9}
[posthoc] out/baseline/c9
[posthoc] out/baseline/c9
No divergences found. Ran 3401 tests across geth+revme in 36.1s (4 slow).
{"shard": "out/baseline/c9", "tests": 3401, "slow": 4, "divergences": 0, "duration_s": 36.1}
[posthoc] out/baseline/b3
[posthoc] out/baseline/b3
No divergences found. Ran 3417 tests across geth+revme in 36.39s (3 slow).
{"shard": "out/baseline/b3", "tests": 3417, "slow": 3, "divergences": 0, "duration_s": 36.39}
[posthoc] out/baseline/f2
[posthoc] out/baseline/f2
No divergences found. Ran 3409 tests across geth+revme in 36.77s (3 slow).
{"shard": "out/baseline/f2", "tests": 3409, "slow": 3, "divergences": 0, "duration_s": 36.77}
[posthoc] out/baseline/64
[posthoc] out/baseline/64
No divergences found. Ran 3362 tests across geth+revme in 36.52s (1 slow).
{"shard": "out/baseline/64", "tests": 3362, "slow": 1, "divergences": 0, "duration_s": 36.52}
[posthoc] out/baseline/8d
[posthoc] out/baseline/8d
No divergences found. Ran 3422 tests across geth+revme in 35.97s (5 slow).
{"shard": "out/baseline/8d", "tests": 3422, "slow": 5, "divergences": 0, "duration_s": 35.97}
[posthoc] out/baseline/36
[posthoc] out/baseline/36
No divergences found. Ran 3396 tests across geth+revme in 35.2s (4 slow).
{"shard": "out/baseline/36", "tests": 3396, "slow": 4, "divergences": 0, "duration_s": 35.2}
[posthoc] out/baseline/diff
[posthoc] out/baseline/diff
No divergences found. Ran 0 tests across geth+revme in 0.0s (0 slow).
{"shard": "out/baseline/diff", "tests": 0, "slow": 0, "divergences": 0, "duration_s": 0.0}
[posthoc] out/baseline/b2
[posthoc] out/baseline/b2
No divergences found. Ran 3410 tests across geth+revme in 36.09s (3 slow).
{"shard": "out/baseline/b2", "tests": 3410, "slow": 3, "divergences": 0, "duration_s": 36.09}
[posthoc] out/baseline/86
[posthoc] out/baseline/86
No divergences found. Ran 3441 tests across geth+revme in 36.86s (4 slow).
{"shard": "out/baseline/86", "tests": 3441, "slow": 4, "divergences": 0, "duration_s": 36.86}
[posthoc] out/baseline/0f
[posthoc] out/baseline/0f
No divergences found. Ran 3463 tests across geth+revme in 35.9s (4 slow).
{"shard": "out/baseline/0f", "tests": 3463, "slow": 4, "divergences": 0, "duration_s": 35.9}
[posthoc] out/baseline/46
[posthoc] out/baseline/46
No divergences found. Ran 3439 tests across geth+revme in 36.59s (2 slow).
{"shard": "out/baseline/46", "tests": 3439, "slow": 2, "divergences": 0, "duration_s": 36.59}
[posthoc] out/baseline/af
[posthoc] out/baseline/af
No divergences found. Ran 3443 tests across geth+revme in 35.15s (0 slow).
{"shard": "out/baseline/af", "tests": 3443, "slow": 0, "divergences": 0, "duration_s": 35.15}
[posthoc] out/baseline/a9
[posthoc] out/baseline/a9
No divergences found. Ran 3385 tests across geth+revme in 36.49s (3 slow).
{"shard": "out/baseline/a9", "tests": 3385, "slow": 3, "divergences": 0, "duration_s": 36.49}
[posthoc] out/baseline/a2
[posthoc] out/baseline/a2
No divergences found. Ran 3407 tests across geth+revme in 36.87s (1 slow).
{"shard": "out/baseline/a2", "tests": 3407, "slow": 1, "divergences": 0, "duration_s": 36.87}
[posthoc] out/baseline/7c
[posthoc] out/baseline/7c
No divergences found. Ran 3385 tests across geth+revme in 36.84s (1 slow).
{"shard": "out/baseline/7c", "tests": 3385, "slow": 1, "divergences": 0, "duration_s": 36.84}
[posthoc] out/baseline/3b
[posthoc] out/baseline/3b
No divergences found. Ran 3434 tests across geth+revme in 34.82s (3 slow).
{"shard": "out/baseline/3b", "tests": 3434, "slow": 3, "divergences": 0, "duration_s": 34.82}
[posthoc] out/baseline/09
[posthoc] out/baseline/09
No divergences found. Ran 3420 tests across geth+revme in 35.26s (1 slow).
{"shard": "out/baseline/09", "tests": 3420, "slow": 1, "divergences": 0, "duration_s": 35.26}
[posthoc] out/baseline/81
[posthoc] out/baseline/81
No divergences found. Ran 3440 tests across geth+revme in 35.8s (3 slow).
{"shard": "out/baseline/81", "tests": 3440, "slow": 3, "divergences": 0, "duration_s": 35.8}
[posthoc] out/baseline/5a
[posthoc] out/baseline/5a
No divergences found. Ran 3400 tests across geth+revme in 36.93s (4 slow).
{"shard": "out/baseline/5a", "tests": 3400, "slow": 4, "divergences": 0, "duration_s": 36.93}
[posthoc] out/baseline/78
[posthoc] out/baseline/78
No divergences found. Ran 3426 tests across geth+revme in 36.5s (2 slow).
{"shard": "out/baseline/78", "tests": 3426, "slow": 2, "divergences": 0, "duration_s": 36.5}
[posthoc] out/baseline/62
[posthoc] out/baseline/62
No divergences found. Ran 3410 tests across geth+revme in 36.46s (3 slow).
{"shard": "out/baseline/62", "tests": 3410, "slow": 3, "divergences": 0, "duration_s": 36.46}
[posthoc] out/baseline/1c
[posthoc] out/baseline/1c
No divergences found. Ran 3409 tests across geth+revme in 36.79s (2 slow).
{"shard": "out/baseline/1c", "tests": 3409, "slow": 2, "divergences": 0, "duration_s": 36.79}
[posthoc] out/baseline/3c
[posthoc] out/baseline/3c
No divergences found. Ran 3404 tests across geth+revme in 35.55s (0 slow).
{"shard": "out/baseline/3c", "tests": 3404, "slow": 0, "divergences": 0, "duration_s": 35.55}
[posthoc] out/baseline/c4
[posthoc] out/baseline/c4
No divergences found. Ran 3413 tests across geth+revme in 36.29s (3 slow).
{"shard": "out/baseline/c4", "tests": 3413, "slow": 3, "divergences": 0, "duration_s": 36.29}
[posthoc] out/baseline/8a
[posthoc] out/baseline/8a
No divergences found. Ran 3438 tests across geth+revme in 36.18s (3 slow).
{"shard": "out/baseline/8a", "tests": 3438, "slow": 3, "divergences": 0, "duration_s": 36.18}
[posthoc] out/baseline/27
[posthoc] out/baseline/27
No divergences found. Ran 3437 tests across geth+revme in 35.66s (3 slow).
{"shard": "out/baseline/27", "tests": 3437, "slow": 3, "divergences": 0, "duration_s": 35.66}
[posthoc] out/baseline/ba
[posthoc] out/baseline/ba
No divergences found. Ran 3450 tests across geth+revme in 36.22s (7 slow).
{"shard": "out/baseline/ba", "tests": 3450, "slow": 7, "divergences": 0, "duration_s": 36.22}
[posthoc] out/baseline/74
[posthoc] out/baseline/74
No divergences found. Ran 3410 tests across geth+revme in 36.35s (0 slow).
{"shard": "out/baseline/74", "tests": 3410, "slow": 0, "divergences": 0, "duration_s": 36.35}
[posthoc] out/baseline/ee
[posthoc] out/baseline/ee
No divergences found. Ran 3404 tests across geth+revme in 35.68s (9 slow).
{"shard": "out/baseline/ee", "tests": 3404, "slow": 9, "divergences": 0, "duration_s": 35.68}
[posthoc] out/baseline/b4
[posthoc] out/baseline/b4
No divergences found. Ran 3402 tests across geth+revme in 36.62s (9 slow).
{"shard": "out/baseline/b4", "tests": 3402, "slow": 9, "divergences": 0, "duration_s": 36.62}
[posthoc] out/baseline/26
[posthoc] out/baseline/26
No divergences found. Ran 3381 tests across geth+revme in 36.83s (4 slow).
{"shard": "out/baseline/26", "tests": 3381, "slow": 4, "divergences": 0, "duration_s": 36.83}
[posthoc] out/baseline/7f
[posthoc] out/baseline/7f
No divergences found. Ran 3420 tests across geth+revme in 36.8s (0 slow).
{"shard": "out/baseline/7f", "tests": 3420, "slow": 0, "divergences": 0, "duration_s": 36.8}
[posthoc] out/baseline/42
[posthoc] out/baseline/42
No divergences found. Ran 3321 tests across geth+revme in 36.82s (1 slow).
{"shard": "out/baseline/42", "tests": 3321, "slow": 1, "divergences": 0, "duration_s": 36.82}
[posthoc] out/baseline/5c
[posthoc] out/baseline/5c
No divergences found. Ran 3421 tests across geth+revme in 35.8s (6 slow).
{"shard": "out/baseline/5c", "tests": 3421, "slow": 6, "divergences": 0, "duration_s": 35.8}
[posthoc] out/baseline/70
[posthoc] out/baseline/70
No divergences found. Ran 3427 tests across geth+revme in 36.32s (4 slow).
{"shard": "out/baseline/70", "tests": 3427, "slow": 4, "divergences": 0, "duration_s": 36.32}
[posthoc] out/baseline/ca
[posthoc] out/baseline/ca
No divergences found. Ran 3408 tests across geth+revme in 35.23s (10 slow).
{"shard": "out/baseline/ca", "tests": 3408, "slow": 10, "divergences": 0, "duration_s": 35.23}
[posthoc] out/baseline/3f
[posthoc] out/baseline/3f
No divergences found. Ran 3426 tests across geth+revme in 36.48s (6 slow).
{"shard": "out/baseline/3f", "tests": 3426, "slow": 6, "divergences": 0, "duration_s": 36.48}
[posthoc] out/baseline/96
[posthoc] out/baseline/96
No divergences found. Ran 3381 tests across geth+revme in 36.55s (2 slow).
{"shard": "out/baseline/96", "tests": 3381, "slow": 2, "divergences": 0, "duration_s": 36.55}
[posthoc] out/baseline/48
[posthoc] out/baseline/48
No divergences found. Ran 3415 tests across geth+revme in 36.18s (6 slow).
{"shard": "out/baseline/48", "tests": 3415, "slow": 6, "divergences": 0, "duration_s": 36.18}
[posthoc] out/baseline/20
[posthoc] out/baseline/20
No divergences found. Ran 3407 tests across geth+revme in 35.65s (5 slow).
{"shard": "out/baseline/20", "tests": 3407, "slow": 5, "divergences": 0, "duration_s": 35.65}
[posthoc] out/baseline/51
[posthoc] out/baseline/51
No divergences found. Ran 3438 tests across geth+revme in 35.68s (6 slow).
{"shard": "out/baseline/51", "tests": 3438, "slow": 6, "divergences": 0, "duration_s": 35.68}
[posthoc] out/baseline/84
[posthoc] out/baseline/84
No divergences found. Ran 3408 tests across geth+revme in 36.29s (5 slow).
{"shard": "out/baseline/84", "tests": 3408, "slow": 5, "divergences": 0, "duration_s": 36.29}
[posthoc] out/baseline/f8
[posthoc] out/baseline/f8
No divergences found. Ran 3435 tests across geth+revme in 35.7s (4 slow).
{"shard": "out/baseline/f8", "tests": 3435, "slow": 4, "divergences": 0, "duration_s": 35.7}
[posthoc] out/baseline/58
[posthoc] out/baseline/58
No divergences found. Ran 3395 tests across geth+revme in 36.91s (4 slow).
{"shard": "out/baseline/58", "tests": 3395, "slow": 4, "divergences": 0, "duration_s": 36.91}
[posthoc] out/baseline/32
[posthoc] out/baseline/32
No divergences found. Ran 3410 tests across geth+revme in 36.43s (7 slow).
{"shard": "out/baseline/32", "tests": 3410, "slow": 7, "divergences": 0, "duration_s": 36.43}
[posthoc] out/baseline/4d
[posthoc] out/baseline/4d
No divergences found. Ran 3421 tests across geth+revme in 36.2s (11 slow).
{"shard": "out/baseline/4d", "tests": 3421, "slow": 11, "divergences": 0, "duration_s": 36.2}
[posthoc] out/baseline/71
[posthoc] out/baseline/71
No divergences found. Ran 3423 tests across geth+revme in 36.74s (8 slow).
{"shard": "out/baseline/71", "tests": 3423, "slow": 8, "divergences": 0, "duration_s": 36.74}
[posthoc] out/baseline/68
[posthoc] out/baseline/68
No divergences found. Ran 3429 tests across geth+revme in 36.25s (3 slow).
{"shard": "out/baseline/68", "tests": 3429, "slow": 3, "divergences": 0, "duration_s": 36.25}
[posthoc] out/baseline/40
[posthoc] out/baseline/40
No divergences found. Ran 3399 tests across geth+revme in 37.47s (2 slow).
{"shard": "out/baseline/40", "tests": 3399, "slow": 2, "divergences": 0, "duration_s": 37.47}
[posthoc] out/baseline/11
[posthoc] out/baseline/11
No divergences found. Ran 3404 tests across geth+revme in 36.41s (0 slow).
{"shard": "out/baseline/11", "tests": 3404, "slow": 0, "divergences": 0, "duration_s": 36.41}
[posthoc] out/baseline/f4
[posthoc] out/baseline/f4
No divergences found. Ran 3447 tests across geth+revme in 35.79s (1 slow).
{"shard": "out/baseline/f4", "tests": 3447, "slow": 1, "divergences": 0, "duration_s": 35.79}
[posthoc] out/baseline/18
[posthoc] out/baseline/18
No divergences found. Ran 3400 tests across geth+revme in 35.98s (1 slow).
{"shard": "out/baseline/18", "tests": 3400, "slow": 1, "divergences": 0, "duration_s": 35.98}
[posthoc] out/baseline/bf
[posthoc] out/baseline/bf
No divergences found. Ran 3434 tests across geth+revme in 36.36s (2 slow).
{"shard": "out/baseline/bf", "tests": 3434, "slow": 2, "divergences": 0, "duration_s": 36.36}
[posthoc] out/baseline/1b
[posthoc] out/baseline/1b
No divergences found. Ran 3458 tests across geth+revme in 35.76s (10 slow).
{"shard": "out/baseline/1b", "tests": 3458, "slow": 10, "divergences": 0, "duration_s": 35.76}
[posthoc] out/baseline/99
[posthoc] out/baseline/99
No divergences found. Ran 3443 tests across geth+revme in 35.69s (9 slow).
{"shard": "out/baseline/99", "tests": 3443, "slow": 9, "divergences": 0, "duration_s": 35.69}
[posthoc] out/baseline/38
[posthoc] out/baseline/38
No divergences found. Ran 3434 tests across geth+revme in 35.29s (3 slow).
{"shard": "out/baseline/38", "tests": 3434, "slow": 3, "divergences": 0, "duration_s": 35.29}
[posthoc] out/baseline/7a
[posthoc] out/baseline/7a
No divergences found. Ran 3415 tests across geth+revme in 35.66s (6 slow).
{"shard": "out/baseline/7a", "tests": 3415, "slow": 6, "divergences": 0, "duration_s": 35.66}
[posthoc] out/baseline/17
[posthoc] out/baseline/17
No divergences found. Ran 3434 tests across geth+revme in 36.4s (4 slow).
{"shard": "out/baseline/17", "tests": 3434, "slow": 4, "divergences": 0, "duration_s": 36.4}
[posthoc] out/baseline/4a
[posthoc] out/baseline/4a
No divergences found. Ran 3411 tests across geth+revme in 36.54s (6 slow).
{"shard": "out/baseline/4a", "tests": 3411, "slow": 6, "divergences": 0, "duration_s": 36.54}
[posthoc] out/baseline/f6
[posthoc] out/baseline/f6
No divergences found. Ran 3417 tests across geth+revme in 36.02s (2 slow).
{"shard": "out/baseline/f6", "tests": 3417, "slow": 2, "divergences": 0, "duration_s": 36.02}
[posthoc] out/baseline/39
[posthoc] out/baseline/39
No divergences found. Ran 3837 tests across geth+revme in 41.28s (7 slow).
{"shard": "out/baseline/39", "tests": 3837, "slow": 7, "divergences": 0, "duration_s": 41.28}
[posthoc] out/baseline/83
[posthoc] out/baseline/83
No divergences found. Ran 3283 tests across geth+revme in 37.09s (5 slow).
{"shard": "out/baseline/83", "tests": 3283, "slow": 5, "divergences": 0, "duration_s": 37.09}
[posthoc] out/baseline/cf
[posthoc] out/baseline/cf
No divergences found. Ran 3338 tests across geth+revme in 37.1s (0 slow).
{"shard": "out/baseline/cf", "tests": 3338, "slow": 0, "divergences": 0, "duration_s": 37.1}
[posthoc] out/baseline/80
[posthoc] out/baseline/80
No divergences found. Ran 3378 tests across geth+revme in 35.94s (0 slow).
{"shard": "out/baseline/80", "tests": 3378, "slow": 0, "divergences": 0, "duration_s": 35.94}
[posthoc] out/baseline/3d
[posthoc] out/baseline/3d
No divergences found. Ran 3368 tests across geth+revme in 37.36s (3 slow).
{"shard": "out/baseline/3d", "tests": 3368, "slow": 3, "divergences": 0, "duration_s": 37.36}
[posthoc] out/baseline/47
[posthoc] out/baseline/47
No divergences found. Ran 3366 tests across geth+revme in 36.89s (2 slow).
{"shard": "out/baseline/47", "tests": 3366, "slow": 2, "divergences": 0, "duration_s": 36.89}
[posthoc] out/baseline/5d
[posthoc] out/baseline/5d
No divergences found. Ran 3362 tests across geth+revme in 36.79s (1 slow).
{"shard": "out/baseline/5d", "tests": 3362, "slow": 1, "divergences": 0, "duration_s": 36.79}
[posthoc] out/baseline/97
[posthoc] out/baseline/97
No divergences found. Ran 3336 tests across geth+revme in 36.35s (8 slow).
{"shard": "out/baseline/97", "tests": 3336, "slow": 8, "divergences": 0, "duration_s": 36.35}
[posthoc] out/baseline/92
[posthoc] out/baseline/92
No divergences found. Ran 3330 tests across geth+revme in 36.84s (1 slow).
{"shard": "out/baseline/92", "tests": 3330, "slow": 1, "divergences": 0, "duration_s": 36.84}
[posthoc] out/baseline/73
[posthoc] out/baseline/73
No divergences found. Ran 3369 tests across geth+revme in 36.09s (4 slow).
{"shard": "out/baseline/73", "tests": 3369, "slow": 4, "divergences": 0, "duration_s": 36.09}
[posthoc] out/baseline/a5
[posthoc] out/baseline/a5
No divergences found. Ran 3332 tests across geth+revme in 36.47s (4 slow).
{"shard": "out/baseline/a5", "tests": 3332, "slow": 4, "divergences": 0, "duration_s": 36.47}
[posthoc] out/baseline/cd
[posthoc] out/baseline/cd
No divergences found. Ran 3347 tests across geth+revme in 37.62s (8 slow).
{"shard": "out/baseline/cd", "tests": 3347, "slow": 8, "divergences": 0, "duration_s": 37.62}
[posthoc] out/baseline/52
[posthoc] out/baseline/52
No divergences found. Ran 3369 tests across geth+revme in 36.15s (5 slow).
{"shard": "out/baseline/52", "tests": 3369, "slow": 5, "divergences": 0, "duration_s": 36.15}
[posthoc] out/baseline/41
[posthoc] out/baseline/41
No divergences found. Ran 3344 tests across geth+revme in 37.32s (4 slow).
{"shard": "out/baseline/41", "tests": 3344, "slow": 4, "divergences": 0, "duration_s": 37.32}
[posthoc] out/baseline/6a
[posthoc] out/baseline/6a
No divergences found. Ran 3361 tests across geth+revme in 38.05s (5 slow).
{"shard": "out/baseline/6a", "tests": 3361, "slow": 5, "divergences": 0, "duration_s": 38.05}
[posthoc] out/baseline/93
[posthoc] out/baseline/93
No divergences found. Ran 3313 tests across geth+revme in 37.42s (2 slow).
{"shard": "out/baseline/93", "tests": 3313, "slow": 2, "divergences": 0, "duration_s": 37.42}
[posthoc] out/baseline/33
[posthoc] out/baseline/33
No divergences found. Ran 3382 tests across geth+revme in 36.23s (3 slow).
{"shard": "out/baseline/33", "tests": 3382, "slow": 3, "divergences": 0, "duration_s": 36.23}
[posthoc] out/baseline/31
[posthoc] out/baseline/31
No divergences found. Ran 3355 tests across geth+revme in 37.5s (2 slow).
{"shard": "out/baseline/31", "tests": 3355, "slow": 2, "divergences": 0, "duration_s": 37.5}
[posthoc] out/baseline/54
[posthoc] out/baseline/54
No divergences found. Ran 3337 tests across geth+revme in 36.18s (4 slow).
{"shard": "out/baseline/54", "tests": 3337, "slow": 4, "divergences": 0, "duration_s": 36.18}
[posthoc] out/baseline/8e
[posthoc] out/baseline/8e
No divergences found. Ran 3403 tests across geth+revme in 36.91s (3 slow).
{"shard": "out/baseline/8e", "tests": 3403, "slow": 3, "divergences": 0, "duration_s": 36.91}
[posthoc] out/baseline/5f
[posthoc] out/baseline/5f
No divergences found. Ran 3397 tests across geth+revme in 37.08s (3 slow).
{"shard": "out/baseline/5f", "tests": 3397, "slow": 3, "divergences": 0, "duration_s": 37.08}
[posthoc] out/baseline/6c
[posthoc] out/baseline/6c
No divergences found. Ran 3374 tests across geth+revme in 37.55s (4 slow).
{"shard": "out/baseline/6c", "tests": 3374, "slow": 4, "divergences": 0, "duration_s": 37.55}
[posthoc] out/baseline/07
[posthoc] out/baseline/07
No divergences found. Ran 3371 tests across geth+revme in 37.17s (3 slow).
{"shard": "out/baseline/07", "tests": 3371, "slow": 3, "divergences": 0, "duration_s": 37.17}
[posthoc] out/baseline/10
[posthoc] out/baseline/10
No divergences found. Ran 3377 tests across geth+revme in 36.08s (6 slow).
{"shard": "out/baseline/10", "tests": 3377, "slow": 6, "divergences": 0, "duration_s": 36.08}
[posthoc] out/baseline/72
[posthoc] out/baseline/72
No divergences found. Ran 3365 tests across geth+revme in 36.87s (4 slow).
{"shard": "out/baseline/72", "tests": 3365, "slow": 4, "divergences": 0, "duration_s": 36.87}
[posthoc] out/baseline/cb
[posthoc] out/baseline/cb
No divergences found. Ran 3343 tests across geth+revme in 37.3s (5 slow).
{"shard": "out/baseline/cb", "tests": 3343, "slow": 5, "divergences": 0, "duration_s": 37.3}
[posthoc] out/baseline/23
[posthoc] out/baseline/23
No divergences found. Ran 3337 tests across geth+revme in 35.4s (2 slow).
{"shard": "out/baseline/23", "tests": 3337, "slow": 2, "divergences": 0, "duration_s": 35.4}
[posthoc] out/baseline/bc
[posthoc] out/baseline/bc
No divergences found. Ran 3591 tests across geth+revme in 42.58s (4 slow).
{"shard": "out/baseline/bc", "tests": 3591, "slow": 4, "divergences": 0, "duration_s": 42.58}
[posthoc] out/baseline/01
[posthoc] out/baseline/01
No divergences found. Ran 3307 tests across geth+revme in 45.75s (2 slow).
{"shard": "out/baseline/01", "tests": 3307, "slow": 2, "divergences": 0, "duration_s": 45.75}
[posthoc] out/baseline/e8
[posthoc] out/baseline/e8
No divergences found. Ran 3370 tests across geth+revme in 46.06s (3 slow).
{"shard": "out/baseline/e8", "tests": 3370, "slow": 3, "divergences": 0, "duration_s": 46.06}
[posthoc] out/baseline/bd
[posthoc] out/baseline/bd
No divergences found. Ran 3392 tests across geth+revme in 45.51s (5 slow).
{"shard": "out/baseline/bd", "tests": 3392, "slow": 5, "divergences": 0, "duration_s": 45.51}
[posthoc] out/baseline/9b
[posthoc] out/baseline/9b
No divergences found. Ran 3325 tests across geth+revme in 45.75s (7 slow).
{"shard": "out/baseline/9b", "tests": 3325, "slow": 7, "divergences": 0, "duration_s": 45.75}
[posthoc] out/baseline/d4
[posthoc] out/baseline/d4
No divergences found. Ran 3357 tests across geth+revme in 46.95s (5 slow).
{"shard": "out/baseline/d4", "tests": 3357, "slow": 5, "divergences": 0, "duration_s": 46.95}
[posthoc] out/baseline/6e
[posthoc] out/baseline/6e
No divergences found. Ran 3348 tests across geth+revme in 46.87s (2 slow).
{"shard": "out/baseline/6e", "tests": 3348, "slow": 2, "divergences": 0, "duration_s": 46.87}
[posthoc] out/baseline/0a
[posthoc] out/baseline/0a
No divergences found. Ran 3358 tests across geth+revme in 45.61s (3 slow).
{"shard": "out/baseline/0a", "tests": 3358, "slow": 3, "divergences": 0, "duration_s": 45.61}
[posthoc] out/baseline/7d
[posthoc] out/baseline/7d
No divergences found. Ran 3382 tests across geth+revme in 45.36s (3 slow).
{"shard": "out/baseline/7d", "tests": 3382, "slow": 3, "divergences": 0, "duration_s": 45.36}
[posthoc] out/baseline/53
[posthoc] out/baseline/53
No divergences found. Ran 3375 tests across geth+revme in 46.87s (1 slow).
{"shard": "out/baseline/53", "tests": 3375, "slow": 1, "divergences": 0, "duration_s": 46.87}
[posthoc] out/baseline/de
[posthoc] out/baseline/de
No divergences found. Ran 3404 tests across geth+revme in 46.01s (7 slow).
{"shard": "out/baseline/de", "tests": 3404, "slow": 7, "divergences": 0, "duration_s": 46.01}
[posthoc] out/baseline/9e
[posthoc] out/baseline/9e
No divergences found. Ran 3440 tests across geth+revme in 45.38s (2 slow).
{"shard": "out/baseline/9e", "tests": 3440, "slow": 2, "divergences": 0, "duration_s": 45.38}
[posthoc] out/baseline/f1
[posthoc] out/baseline/f1
No divergences found. Ran 3411 tests across geth+revme in 44.81s (9 slow).
{"shard": "out/baseline/f1", "tests": 3411, "slow": 9, "divergences": 0, "duration_s": 44.81}
[posthoc] out/baseline/db
[posthoc] out/baseline/db
No divergences found. Ran 3414 tests across geth+revme in 45.58s (3 slow).
{"shard": "out/baseline/db", "tests": 3414, "slow": 3, "divergences": 0, "duration_s": 45.58}
[posthoc] out/baseline/34
[posthoc] out/baseline/34
No divergences found. Ran 3344 tests across geth+revme in 47.18s (3 slow).
{"shard": "out/baseline/34", "tests": 3344, "slow": 3, "divergences": 0, "duration_s": 47.18}
[posthoc] out/baseline/e7
[posthoc] out/baseline/e7
No divergences found. Ran 3364 tests across geth+revme in 46.31s (3 slow).
{"shard": "out/baseline/e7", "tests": 3364, "slow": 3, "divergences": 0, "duration_s": 46.31}
[posthoc] out/baseline/1e
[posthoc] out/baseline/1e
No divergences found. Ran 3405 tests across geth+revme in 44.32s (5 slow).
{"shard": "out/baseline/1e", "tests": 3405, "slow": 5, "divergences": 0, "duration_s": 44.32}
[posthoc] out/baseline/67
[posthoc] out/baseline/67
No divergences found. Ran 3432 tests across geth+revme in 45.79s (4 slow).
{"shard": "out/baseline/67", "tests": 3432, "slow": 4, "divergences": 0, "duration_s": 45.79}
[posthoc] out/baseline/b6
[posthoc] out/baseline/b6
No divergences found. Ran 3404 tests across geth+revme in 45.7s (8 slow).
{"shard": "out/baseline/b6", "tests": 3404, "slow": 8, "divergences": 0, "duration_s": 45.7}
[posthoc] out/baseline/c2
[posthoc] out/baseline/c2
No divergences found. Ran 3404 tests across geth+revme in 46.21s (2 slow).
{"shard": "out/baseline/c2", "tests": 3404, "slow": 2, "divergences": 0, "duration_s": 46.21}
[posthoc] out/baseline/8f
[posthoc] out/baseline/8f
No divergences found. Ran 3389 tests across geth+revme in 45.83s (4 slow).
{"shard": "out/baseline/8f", "tests": 3389, "slow": 4, "divergences": 0, "duration_s": 45.83}
[posthoc] out/baseline/0b
[posthoc] out/baseline/0b
No divergences found. Ran 3401 tests across geth+revme in 45.45s (5 slow).
{"shard": "out/baseline/0b", "tests": 3401, "slow": 5, "divergences": 0, "duration_s": 45.45}
[posthoc] out/baseline/e5
[posthoc] out/baseline/e5
No divergences found. Ran 3415 tests across geth+revme in 45.47s (4 slow).
{"shard": "out/baseline/e5", "tests": 3415, "slow": 4, "divergences": 0, "duration_s": 45.47}
[posthoc] out/baseline/85
[posthoc] out/baseline/85
No divergences found. Ran 3437 tests across geth+revme in 44.89s (3 slow).
{"shard": "out/baseline/85", "tests": 3437, "slow": 3, "divergences": 0, "duration_s": 44.89}
[posthoc] out/baseline/08
[posthoc] out/baseline/08
No divergences found. Ran 3433 tests across geth+revme in 45.44s (3 slow).
{"shard": "out/baseline/08", "tests": 3433, "slow": 3, "divergences": 0, "duration_s": 45.44}
[posthoc] out/baseline/2d
[posthoc] out/baseline/2d
No divergences found. Ran 3419 tests across geth+revme in 46.4s (3 slow).
{"shard": "out/baseline/2d", "tests": 3419, "slow": 3, "divergences": 0, "duration_s": 46.4}
[posthoc] out/baseline/76
[posthoc] out/baseline/76
No divergences found. Ran 3446 tests across geth+revme in 46.01s (3 slow).
{"shard": "out/baseline/76", "tests": 3446, "slow": 3, "divergences": 0, "duration_s": 46.01}
[posthoc] out/baseline/d7
[posthoc] out/baseline/d7
No divergences found. Ran 3435 tests across geth+revme in 45.48s (7 slow).
{"shard": "out/baseline/d7", "tests": 3435, "slow": 7, "divergences": 0, "duration_s": 45.48}
[posthoc] out/baseline/0c
[posthoc] out/baseline/0c
No divergences found. Ran 3412 tests across geth+revme in 45.69s (3 slow).
{"shard": "out/baseline/0c", "tests": 3412, "slow": 3, "divergences": 0, "duration_s": 45.69}
[posthoc] out/baseline/88
[posthoc] out/baseline/88
No divergences found. Ran 3075 tests across geth+revme in 39.64s (5 slow).
{"shard": "out/baseline/88", "tests": 3075, "slow": 5, "divergences": 0, "duration_s": 39.64}
[posthoc] out/baseline/77
[posthoc] out/baseline/77
No divergences found. Ran 3371 tests across geth+revme in 37.11s (4 slow).
{"shard": "out/baseline/77", "tests": 3371, "slow": 4, "divergences": 0, "duration_s": 37.11}
[posthoc] out/baseline/94
[posthoc] out/baseline/94
No divergences found. Ran 3362 tests across geth+revme in 36.76s (0 slow).
{"shard": "out/baseline/94", "tests": 3362, "slow": 0, "divergences": 0, "duration_s": 36.76}
[posthoc] out/baseline/79
[posthoc] out/baseline/79
No divergences found. Ran 3328 tests across geth+revme in 36.07s (4 slow).
{"shard": "out/baseline/79", "tests": 3328, "slow": 4, "divergences": 0, "duration_s": 36.07}
[posthoc] out/baseline/dd
[posthoc] out/baseline/dd
No divergences found. Ran 3337 tests across geth+revme in 37.28s (3 slow).
{"shard": "out/baseline/dd", "tests": 3337, "slow": 3, "divergences": 0, "duration_s": 37.28}
[posthoc] out/baseline/d5
[posthoc] out/baseline/d5
No divergences found. Ran 3318 tests across geth+revme in 37.09s (2 slow).
{"shard": "out/baseline/d5", "tests": 3318, "slow": 2, "divergences": 0, "duration_s": 37.09}
[posthoc] out/baseline/9f
[posthoc] out/baseline/9f
No divergences found. Ran 3284 tests across geth+revme in 38.02s (2 slow).
{"shard": "out/baseline/9f", "tests": 3284, "slow": 2, "divergences": 0, "duration_s": 38.02}
[posthoc] out/baseline/28
[posthoc] out/baseline/28
No divergences found. Ran 3328 tests across geth+revme in 36.69s (4 slow).
{"shard": "out/baseline/28", "tests": 3328, "slow": 4, "divergences": 0, "duration_s": 36.69}
[posthoc] out/baseline/e2
[posthoc] out/baseline/e2
No divergences found. Ran 3310 tests across geth+revme in 37.73s (8 slow).
{"shard": "out/baseline/e2", "tests": 3310, "slow": 8, "divergences": 0, "duration_s": 37.73}
[posthoc] out/baseline/9d
[posthoc] out/baseline/9d
No divergences found. Ran 3294 tests across geth+revme in 37.03s (5 slow).
{"shard": "out/baseline/9d", "tests": 3294, "slow": 5, "divergences": 0, "duration_s": 37.03}
[posthoc] out/baseline/b0
[posthoc] out/baseline/b0
No divergences found. Ran 3308 tests across geth+revme in 36.52s (4 slow).
{"shard": "out/baseline/b0", "tests": 3308, "slow": 4, "divergences": 0, "duration_s": 36.52}
[posthoc] out/baseline/a4
[posthoc] out/baseline/a4
No divergences found. Ran 3313 tests across geth+revme in 37.6s (7 slow).
{"shard": "out/baseline/a4", "tests": 3313, "slow": 7, "divergences": 0, "duration_s": 37.6}
[posthoc] out/baseline/9c
[posthoc] out/baseline/9c
No divergences found. Ran 3300 tests across geth+revme in 37.28s (6 slow).
{"shard": "out/baseline/9c", "tests": 3300, "slow": 6, "divergences": 0, "duration_s": 37.28}
[posthoc] out/baseline/df
[posthoc] out/baseline/df
No divergences found. Ran 3322 tests across geth+revme in 36.85s (1 slow).
{"shard": "out/baseline/df", "tests": 3322, "slow": 1, "divergences": 0, "duration_s": 36.85}
[posthoc] out/baseline/d6
[posthoc] out/baseline/d6
No divergences found. Ran 3327 tests across geth+revme in 37.74s (5 slow).
{"shard": "out/baseline/d6", "tests": 3327, "slow": 5, "divergences": 0, "duration_s": 37.74}
[posthoc] out/baseline/eb
[posthoc] out/baseline/eb
No divergences found. Ran 3302 tests across geth+revme in 36.77s (1 slow).
{"shard": "out/baseline/eb", "tests": 3302, "slow": 1, "divergences": 0, "duration_s": 36.77}
[posthoc] out/baseline/d8
[posthoc] out/baseline/d8
No divergences found. Ran 3305 tests across geth+revme in 37.22s (0 slow).
{"shard": "out/baseline/d8", "tests": 3305, "slow": 0, "divergences": 0, "duration_s": 37.22}
[posthoc] out/baseline/f0
[posthoc] out/baseline/f0
No divergences found. Ran 3304 tests across geth+revme in 37.69s (0 slow).
{"shard": "out/baseline/f0", "tests": 3304, "slow": 0, "divergences": 0, "duration_s": 37.69}
[posthoc] out/baseline/a3
[posthoc] out/baseline/a3
No divergences found. Ran 3339 tests across geth+revme in 37.14s (11 slow).
{"shard": "out/baseline/a3", "tests": 3339, "slow": 11, "divergences": 0, "duration_s": 37.14}
[posthoc] out/baseline/a6
[posthoc] out/baseline/a6
No divergences found. Ran 3328 tests across geth+revme in 38.35s (3 slow).
{"shard": "out/baseline/a6", "tests": 3328, "slow": 3, "divergences": 0, "duration_s": 38.35}
[posthoc] out/baseline/21
[posthoc] out/baseline/21
No divergences found. Ran 3304 tests across geth+revme in 36.46s (4 slow).
{"shard": "out/baseline/21", "tests": 3304, "slow": 4, "divergences": 0, "duration_s": 36.46}
[posthoc] out/baseline/2c
[posthoc] out/baseline/2c
No divergences found. Ran 3307 tests across geth+revme in 37.83s (2 slow).
{"shard": "out/baseline/2c", "tests": 3307, "slow": 2, "divergences": 0, "duration_s": 37.83}
[posthoc] out/baseline/be
[posthoc] out/baseline/be
No divergences found. Ran 3371 tests across geth+revme in 36.69s (3 slow).
{"shard": "out/baseline/be", "tests": 3371, "slow": 3, "divergences": 0, "duration_s": 36.69}
[posthoc] out/baseline/6b
[posthoc] out/baseline/6b
No divergences found. Ran 3350 tests across geth+revme in 36.17s (2 slow).
{"shard": "out/baseline/6b", "tests": 3350, "slow": 2, "divergences": 0, "duration_s": 36.17}
[posthoc] out/baseline/25
[posthoc] out/baseline/25
No divergences found. Ran 3346 tests across geth+revme in 36.91s (4 slow).
{"shard": "out/baseline/25", "tests": 3346, "slow": 4, "divergences": 0, "duration_s": 36.91}
[posthoc] out/baseline/65
[posthoc] out/baseline/65
No divergences found. Ran 3352 tests across geth+revme in 36.73s (6 slow).
{"shard": "out/baseline/65", "tests": 3352, "slow": 6, "divergences": 0, "duration_s": 36.73}
[posthoc] out/baseline/3a
[posthoc] out/baseline/3a
No divergences found. Ran 3336 tests across geth+revme in 37.22s (3 slow).
{"shard": "out/baseline/3a", "tests": 3336, "slow": 3, "divergences": 0, "duration_s": 37.22}
[posthoc] out/baseline/02
[posthoc] out/baseline/02
No divergences found. Ran 3323 tests across geth+revme in 37.43s (1 slow).
{"shard": "out/baseline/02", "tests": 3323, "slow": 1, "divergences": 0, "duration_s": 37.43}
[posthoc] out/baseline/30
[posthoc] out/baseline/30
No divergences found. Ran 3294 tests across geth+revme in 36.65s (5 slow).
{"shard": "out/baseline/30", "tests": 3294, "slow": 5, "divergences": 0, "duration_s": 36.65}
[posthoc] out/baseline/ef
[posthoc] out/baseline/ef
No divergences found. Ran 3372 tests across geth+revme in 36.64s (2 slow).
{"shard": "out/baseline/ef", "tests": 3372, "slow": 2, "divergences": 0, "duration_s": 36.64}
[posthoc] out/baseline/fe
[posthoc] out/baseline/fe
No divergences found. Ran 3437 tests across geth+revme in 36.48s (7 slow).
{"shard": "out/baseline/fe", "tests": 3437, "slow": 7, "divergences": 0, "duration_s": 36.48}
[posthoc] out/baseline/60
[posthoc] out/baseline/60
No divergences found. Ran 3412 tests across geth+revme in 35.84s (5 slow).
{"shard": "out/baseline/60", "tests": 3412, "slow": 5, "divergences": 0, "duration_s": 35.84}
[posthoc] out/baseline/d1
[posthoc] out/baseline/d1
No divergences found. Ran 3390 tests across geth+revme in 36.09s (2 slow).
{"shard": "out/baseline/d1", "tests": 3390, "slow": 2, "divergences": 0, "duration_s": 36.09}
[posthoc] out/baseline/44
[posthoc] out/baseline/44
No divergences found. Ran 3376 tests across geth+revme in 35.6s (3 slow).
{"shard": "out/baseline/44", "tests": 3376, "slow": 3, "divergences": 0, "duration_s": 35.6}
[posthoc] out/baseline/4f
[posthoc] out/baseline/4f
No divergences found. Ran 3420 tests across geth+revme in 36.96s (4 slow).
{"shard": "out/baseline/4f", "tests": 3420, "slow": 4, "divergences": 0, "duration_s": 36.96}
[posthoc] out/baseline/05
[posthoc] out/baseline/05
No divergences found. Ran 3424 tests across geth+revme in 35.23s (7 slow).
{"shard": "out/baseline/05", "tests": 3424, "slow": 7, "divergences": 0, "duration_s": 35.23}
[posthoc] out/baseline/b1
[posthoc] out/baseline/b1
No divergences found. Ran 3399 tests across geth+revme in 36.75s (6 slow).
{"shard": "out/baseline/b1", "tests": 3399, "slow": 6, "divergences": 0, "duration_s": 36.75}
[posthoc] out/baseline/c7
[posthoc] out/baseline/c7
No divergences found. Ran 3409 tests across geth+revme in 36.48s (6 slow).
{"shard": "out/baseline/c7", "tests": 3409, "slow": 6, "divergences": 0, "duration_s": 36.48}
[posthoc] out/baseline/55
[posthoc] out/baseline/55
No divergences found. Ran 3371 tests across geth+revme in 36.77s (2 slow).
{"shard": "out/baseline/55", "tests": 3371, "slow": 2, "divergences": 0, "duration_s": 36.77}
[posthoc] out/baseline/d3
[posthoc] out/baseline/d3
No divergences found. Ran 3436 tests across geth+revme in 36.04s (4 slow).
{"shard": "out/baseline/d3", "tests": 3436, "slow": 4, "divergences": 0, "duration_s": 36.04}
[posthoc] out/baseline/3e
[posthoc] out/baseline/3e
No divergences found. Ran 3376 tests across geth+revme in 37.16s (10 slow).
{"shard": "out/baseline/3e", "tests": 3376, "slow": 10, "divergences": 0, "duration_s": 37.16}
[posthoc] out/baseline/c1
[posthoc] out/baseline/c1
No divergences found. Ran 3400 tests across geth+revme in 36.9s (2 slow).
{"shard": "out/baseline/c1", "tests": 3400, "slow": 2, "divergences": 0, "duration_s": 36.9}
[posthoc] out/baseline/f7
[posthoc] out/baseline/f7
No divergences found. Ran 3366 tests across geth+revme in 36.95s (6 slow).
{"shard": "out/baseline/f7", "tests": 3366, "slow": 6, "divergences": 0, "duration_s": 36.95}
[posthoc] out/baseline/56
[posthoc] out/baseline/56
No divergences found. Ran 3402 tests across geth+revme in 37.21s (3 slow).
{"shard": "out/baseline/56", "tests": 3402, "slow": 3, "divergences": 0, "duration_s": 37.21}
[posthoc] out/baseline/e1
[posthoc] out/baseline/e1
No divergences found. Ran 3375 tests across geth+revme in 35.98s (8 slow).
{"shard": "out/baseline/e1", "tests": 3375, "slow": 8, "divergences": 0, "duration_s": 35.98}
[posthoc] out/baseline/d0
[posthoc] out/baseline/d0
No divergences found. Ran 3385 tests across geth+revme in 37.21s (4 slow).
{"shard": "out/baseline/d0", "tests": 3385, "slow": 4, "divergences": 0, "duration_s": 37.21}
[posthoc] out/baseline/49
[posthoc] out/baseline/49
No divergences found. Ran 3309 tests across geth+revme in 37.51s (3 slow).
{"shard": "out/baseline/49", "tests": 3309, "slow": 3, "divergences": 0, "duration_s": 37.51}
[posthoc] out/baseline/e3
[posthoc] out/baseline/e3
No divergences found. Ran 3368 tests across geth+revme in 37.42s (5 slow).
{"shard": "out/baseline/e3", "tests": 3368, "slow": 5, "divergences": 0, "duration_s": 37.42}
[posthoc] out/baseline/e0
[posthoc] out/baseline/e0
No divergences found. Ran 3376 tests across geth+revme in 37.32s (7 slow).
{"shard": "out/baseline/e0", "tests": 3376, "slow": 7, "divergences": 0, "duration_s": 37.32}
[posthoc] out/baseline/13
[posthoc] out/baseline/13
No divergences found. Ran 3432 tests across geth+revme in 35.55s (1 slow).
{"shard": "out/baseline/13", "tests": 3432, "slow": 1, "divergences": 0, "duration_s": 35.55}
[posthoc] out/baseline/14
[posthoc] out/baseline/14
No divergences found. Ran 3397 tests across geth+revme in 37.42s (2 slow).
{"shard": "out/baseline/14", "tests": 3397, "slow": 2, "divergences": 0, "duration_s": 37.42}
[posthoc] out/baseline/16
[posthoc] out/baseline/16
No divergences found. Ran 3392 tests across geth+revme in 36.77s (5 slow).
{"shard": "out/baseline/16", "tests": 3392, "slow": 5, "divergences": 0, "duration_s": 36.77}
[posthoc] out/baseline/19
[posthoc] out/baseline/19
No divergences found. Ran 3419 tests across geth+revme in 35.88s (5 slow).
{"shard": "out/baseline/19", "tests": 3419, "slow": 5, "divergences": 0, "duration_s": 35.88}
[posthoc] out/baseline/f5
[posthoc] out/baseline/f5
No divergences found. Ran 3286 tests across geth+revme in 37.31s (4 slow).
{"shard": "out/baseline/f5", "tests": 3286, "slow": 4, "divergences": 0, "duration_s": 37.31}
[posthoc] out/baseline/ce
[posthoc] out/baseline/ce
No divergences found. Ran 3480 tests across geth+revme in 34.9s (0 slow).
{"shard": "out/baseline/ce", "tests": 3480, "slow": 0, "divergences": 0, "duration_s": 34.9}
[posthoc] out/baseline/aa
[posthoc] out/baseline/aa
No divergences found. Ran 3451 tests across geth+revme in 35.88s (6 slow).
{"shard": "out/baseline/aa", "tests": 3451, "slow": 6, "divergences": 0, "duration_s": 35.88}
[posthoc] out/baseline/1a
[posthoc] out/baseline/1a
No divergences found. Ran 3313 tests across geth+revme in 38.54s (4 slow).
{"shard": "out/baseline/1a", "tests": 3313, "slow": 4, "divergences": 0, "duration_s": 38.54}
[posthoc] out/baseline/e9
[posthoc] out/baseline/e9
No divergences found. Ran 3344 tests across geth+revme in 36.85s (4 slow).
{"shard": "out/baseline/e9", "tests": 3344, "slow": 4, "divergences": 0, "duration_s": 36.85}
[posthoc] out/baseline/6f
[posthoc] out/baseline/6f
No divergences found. Ran 3349 tests across geth+revme in 37.01s (4 slow).
{"shard": "out/baseline/6f", "tests": 3349, "slow": 4, "divergences": 0, "duration_s": 37.01}
[posthoc] out/baseline/4e
[posthoc] out/baseline/4e
No divergences found. Ran 3313 tests across geth+revme in 37.35s (5 slow).
{"shard": "out/baseline/4e", "tests": 3313, "slow": 5, "divergences": 0, "duration_s": 37.35}
[posthoc] out/baseline/a0
[posthoc] out/baseline/a0
No divergences found. Ran 4046 tests across geth+revme in 40.47s (3 slow).
{"shard": "out/baseline/a0", "tests": 4046, "slow": 3, "divergences": 0, "duration_s": 40.47}
[posthoc] out/baseline/91
[posthoc] out/baseline/91
No divergences found. Ran 3340 tests across geth+revme in 36.94s (4 slow).
{"shard": "out/baseline/91", "tests": 3340, "slow": 4, "divergences": 0, "duration_s": 36.94}
[posthoc] out/baseline/66
[posthoc] out/baseline/66
No divergences found. Ran 3217 tests across geth+revme in 37.95s (2 slow).
{"shard": "out/baseline/66", "tests": 3217, "slow": 2, "divergences": 0, "duration_s": 37.95}
[posthoc] out/baseline/75
[posthoc] out/baseline/75
No divergences found. Ran 3272 tests across geth+revme in 37.24s (10 slow).
{"shard": "out/baseline/75", "tests": 3272, "slow": 10, "divergences": 0, "duration_s": 37.24}
[posthoc] out/baseline/63
[posthoc] out/baseline/63
No divergences found. Ran 3226 tests across geth+revme in 37.84s (4 slow).
{"shard": "out/baseline/63", "tests": 3226, "slow": 4, "divergences": 0, "duration_s": 37.84}
[posthoc] out/baseline/12
[posthoc] out/baseline/12
No divergences found. Ran 3278 tests across geth+revme in 37.66s (0 slow).
{"shard": "out/baseline/12", "tests": 3278, "slow": 0, "divergences": 0, "duration_s": 37.66}
[posthoc] out/baseline/ae
[posthoc] out/baseline/ae
No divergences found. Ran 3318 tests across geth+revme in 37.48s (2 slow).
{"shard": "out/baseline/ae", "tests": 3318, "slow": 2, "divergences": 0, "duration_s": 37.48}
[posthoc] out/baseline/c8
[posthoc] out/baseline/c8
No divergences found. Ran 3408 tests across geth+revme in 36.11s (9 slow).
{"shard": "out/baseline/c8", "tests": 3408, "slow": 9, "divergences": 0, "duration_s": 36.11}
